14:45:09.806 [main] DEBUG uk.gov.gchq.palisade.service.audit.AuditApplication - AuditApplication started with: class uk.gov.gchq.palisade.service.audit.AuditApplication
[34m             -/                         :-           -`            /.          `-                          `.
[34m             ys`                       `ho`       `:-             .d/        ./`                         -/
[34m             -dh:                       /dh-     -//`              sdy.    `:/-                        `:/.
[34m              sdds`                      hdd+  `://-               .ddh/  .///`                       -//:
[34m              -dddh:                     /dddy:////`                oddds////-                      `:///.
[34m               sdddds`                    hdddds//-                 .dddddo//`                     -////:
[34m               .dddddh:                   /dddddh+`                  odddddy:                    `://///.
[34m                oddddddo`                 .hdddddd+                  -ddddddh:                  -//////:
[34m                .dddddddh:               -/odddddddy.              `:/sddddddds`              `:///////.
[34m                 oddddddddo`           `:///hdddddddd+            .////ddddddddh:            -////////:
[34m                 .dddddddddh:         -/////odddddddddy.        `://///sddddddddds`        `://///////.
[34m                  oddddddddddo`     `:///////hdddddddddd+      .////////ddddddddddh:      -//////////:
[34m                  `dddddddddddh:   -/////////+dddddddddddy.  `-/////////sddddddddddds`  `:///////////`
[34m                   +ddddddddddddo.:///////////ydddddddddddd/.////////////hdddddddddddh:-////////////:
[34m                   `dddddddddddddho///////////+dddddddddddddy+///////////odddddddddddddy////////////`
[34m                    +dddddddddddddds//////////`sdddddddddddddds/////////:`hdddddddddddddho/////////-
[34m                    `hddddddddddddddh+///////- -dddddddddddddddy+///////. /dddddddddddddddy////////`
[34m                     /dddddddddddddddh+//////`  sdddddddddddddddh//////:  `hdddddddddddddddy//////-
[34m                     `hdddddddddddddddh/////-   .ddddddddddddddddy/////.   /dddddddddddddddds/////`
[34m                      :ddddddddddddddddy///:     +dddddddddddddddds///:     sddddddddddddddddo///-
[34m                       +ddddddddddddddddy//`     `sddddddddddddddddo/:      `hdddddddddddddddd+/:
[34m                        sdddddddddddddddds.       `yddddddddddddddddo`       .hdddddddddddddddh/
[34m                        :hdddddddddddddddd/       `/hdddddddddddddddh-       `+ddddddddddddddddh`
[34m                       -/+hdddddddddddddddd-      :/+ddddddddddddddddh.     `//oddddddddddddddddy`
[34m                      -///oddddddddddddddddh.    -///oddddddddddddddddy`   `:///sddddddddddddddddo
[34m                     ./////sddddddddddddddddy`  -/////sdddddddddddddddds   ://///ydddddddddddddddd+
[34m                    `///////ydddddddddddddddds`.///////yddddddddddddddddo -//////+hdddddddddddddddd/
[34m                   `/////////yddddddddddddddddo////////+hdddddddddddddddd/////////+ddddddddddddddddd:
[34m                  `://///////+hddddddddddddddh+/////////+dddddddddddddddy//////////oddddddddddddddddh.
[34m                  :///////////+dddddddddddddd+///////////odddddddddddddh////////////sddddddddddddddddy`
[34m                 -/////////////oddddddddddddo/////////////sdddddddddddh+/////////////yddddddddddddddddy`
[34m                -///////////////sddddddddddo///////////////ydddddddddd+///////////////hddddddddddddddddo
[34m               ./////////////////sdddddddds/////////////////yddddddddo/////////////////hdddddddddddddddd+
[34m              `/////////////////-`yddddddy/////////////////..hdddddds/////////////////`:ddddddddddddddddd/
[34m             `/////////////////-  .hddddy/////////////////.  :ddddds/////////////////.  +ddddddddddddddddd:
[34m            `:////////////////:    :dddh+////////////////-    +dddy/////////////////.    sddddddddddddddddh.
[34m            ://///////////////`     /dh+////////////////:      sdh/////////////////-     `yddddddddddddddddy`
[34m           -/////////////////`       oo/////////////////`      `s+////////////////:       .hddddddddddddddddy`
[34m          -/////////////////.        ://///////////////y.      `/////////////////+y`       -dddddddddddddddddo
[34m         ./////////////////-        -/////////////////ydh`     ://///////////////hds`       /ddddddddddddddddd+
[34m        ./////////////////:        ./////////////////sdddy`   -/////////////////ydddo        oddddddddddddddddd/
[34m       `/////////////////:`       ./////////////////odddddo  -/////////////////sddddd/       `sddddddddddddddddd:
[34m      `://///////////////`       `/////////////////+ddddddd+./////////////////oddddddd:       `hddddddddddddddddh.
[34m      ://///////////////.       `:////////////////+hdddddddh/////////////////+ddddddddd-       -dddddddddddddddddh`
[34m     -/////////////////-        ://///////////////ydddddddh+////////////////+hdddddddddh.       :dddddddddddddddddy`
[34m    -/////////////////-        ://///////////////ydddddddd+/////////////////hdddddddddddy`       +ddddddddddddddddds
[34m   ./////////////////:        -/////////////////sddddddddo/////////////////yddddddddddddds`       sddddddddddddddddd+
[34m  .//////////////////`       ./////////////////odddddddds/////////////////sdddddddddddddddo       `yddddddddddddddddd/
[34m `//////////////////`       .//////////////////hddddddds/////////////////+ddddddddddddddddd+       .hddddddddddddddddd:
[34m`://///////////////.       `//////////////////.yddddddy/////////////////:.hddddddddddddddddd:       -dddddddddddddddddh.
[34m://///////////////-        ://///////////////. .hddddh//////////////////` -dddddddddddddddddd.       /dddddddddddddddddh
[34m-////////////////:         :////////////////-   -ddddh/////////////////.   /ddddddddddddddddd.        oddddddddddddddddh
[34m ://////////////:`         `://////////////:     /ddddy+//////////////-     oddddddddddddddh:         `yddddddddddddddy.
[34m  .:////////////`            .:///////////:`      +ddddds+///////////:       sdddddddddddy/`           `yddddddddddhy:
[34m    `.-::///::-`               `.-::///::.         -oyhhhhs/-::///:-.         :shhhhhyo/-               `/shhhhhyo/.

[32m-::////::-`         -::::        `::-          `::-     `-:/++//:-`       .::::`        ::://///:-.`       ::::::::::::-
[32mdddssssyyddy+`     -ddhddo       :dds          -ddy   .sddhsssssyh-      `hdhhdy`       dddyyyyyhddhs:     dddyyyyyyyyy+
[32mddh      `+dds    .hdh`odd/      :dds          -ddy   ydd+               ydd-:dds       ddh       -sddy`   ddd`
[32mddh       `ddd   `ydd.  ydd-     :dds          -ddy   sdds-`            odd/  +dd+      ddh         oddo   ddd`
[32mddh      `+dds   sdd:   `hdh.    :dds          -ddy   `+ydddyyo+:`     /ddo    odd:     ddh         :dds   dddyyyyyyyyy
[32mdddysssyyddy/   +ddy+++++sddy`   :dds          -ddy      `.:/+shddo   -ddd++++++ddd-    ddh         :dds   ddd:--------
[32mddh////:-.`    /ddyssssssssdds   :dds          -ddy            `hdd- .hdhsssssssshdh.   ddh        `ydd:   ddd`
[32mddh           -ddy`        +dd+  :ddy........` -ddy  `/:-..``.-oddh``hdd-        -ddy`  ddd-..`.-:oddh:    ddd-.........
[32mhhy          `yhh.          shh: -hhhhhhhhhhh/ -hhs  `syhhddddhys/` ohh/          /hh+  yhdddddhhys+-      hhhhhhhhhhhhh
[33m :: audit-service ::[36m:: (v0.4.0-SNAPSHOT) ::[31m:: a9f62f8-SNAPSHOT ::[39m
[2m2020-06-16 14:45:21.955[0;39m [32m INFO[0;39m [35m73981[0;39m [2m---[0;39m [2m[           main][0;39m [36mu.g.g.p.service.audit.AuditApplication  [0;39m [2m:[0;39m The following profiles are active: eureka,eureka-config,example
[2m2020-06-16 14:45:27.824[0;39m [33m WARN[0;39m [35m73981[0;39m [2m---[0;39m [2m[           main][0;39m [36mo.s.boot.actuate.endpoint.EndpointId    [0;39m [2m:[0;39m Endpoint ID 'service-registry' contains invalid characters, please migrate to a valid format.
[2m2020-06-16 14:45:28.825[0;39m [32m INFO[0;39m [35m73981[0;39m [2m---[0;39m [2m[           main][0;39m [36mo.s.cloud.context.scope.GenericScope    [0;39m [2m:[0;39m BeanFactory id=147c38db-39e3-3b8d-9e90-e3c786d3f651
[2m2020-06-16 14:45:31.421[0;39m [32m INFO[0;39m [35m73981[0;39m [2m---[0;39m [2m[           main][0;39m [36mo.s.b.w.embedded.tomcat.TomcatWebServer [0;39m [2m:[0;39m Tomcat initialized with port(s): 0 (http)
[2m2020-06-16 14:45:31.447[0;39m [32m INFO[0;39m [35m73981[0;39m [2m---[0;39m [2m[           main][0;39m [36mo.apache.catalina.core.StandardService  [0;39m [2m:[0;39m Starting service [Tomcat]
[2m2020-06-16 14:45:31.447[0;39m [32m INFO[0;39m [35m73981[0;39m [2m---[0;39m [2m[           main][0;39m [36morg.apache.catalina.core.StandardEngine [0;39m [2m:[0;39m Starting Servlet engine: [Apache Tomcat/9.0.27]
[2m2020-06-16 14:45:31.731[0;39m [32m INFO[0;39m [35m73981[0;39m [2m---[0;39m [2m[           main][0;39m [36mo.a.c.c.C.[Tomcat].[localhost].[/]      [0;39m [2m:[0;39m Initializing Spring embedded WebApplicationContext
[2m2020-06-16 14:45:31.731[0;39m [32m INFO[0;39m [35m73981[0;39m [2m---[0;39m [2m[           main][0;39m [36mo.s.web.context.ContextLoader           [0;39m [2m:[0;39m Root WebApplicationContext: initialization completed in 9511 ms
[2m2020-06-16 14:45:32.368[0;39m [33m WARN[0;39m [35m73981[0;39m [2m---[0;39m [2m[           main][0;39m [36mc.n.c.sources.URLConfigurationSource    [0;39m [2m:[0;39m No URLs will be polled as dynamic configuration sources.
[2m2020-06-16 14:45:32.368[0;39m [32m INFO[0;39m [35m73981[0;39m [2m---[0;39m [2m[           main][0;39m [36mc.n.c.sources.URLConfigurationSource    [0;39m [2m:[0;39m To enable URLs as dynamic configuration sources, define System property archaius.configurationSource.additionalUrls or make config.properties available on classpath.
[2m2020-06-16 14:45:32.444[0;39m [32m INFO[0;39m [35m73981[0;39m [2m---[0;39m [2m[           main][0;39m [36mc.netflix.config.DynamicPropertyFactory [0;39m [2m:[0;39m DynamicPropertyFactory is initialized with configuration sources: com.netflix.config.ConcurrentCompositeConfiguration@c074c0c
[2m2020-06-16 14:45:34.233[0;39m [32m INFO[0;39m [35m73981[0;39m [2m---[0;39m [2m[           main][0;39m [36mu.g.g.p.s.a.c.ApplicationConfiguration  [0;39m [2m:[0;39m Instantiated SimpleAuditService
[2m2020-06-16 14:45:34.245[0;39m [32m INFO[0;39m [35m73981[0;39m [2m---[0;39m [2m[           main][0;39m [36mu.g.g.p.s.a.c.ApplicationConfiguration  [0;39m [2m:[0;39m Instantiated StroomAuditService
[2m2020-06-16 14:45:35.084[0;39m [32mDEBUG[0;39m [35m73981[0;39m [2m---[0;39m [2m[           main][0;39m [36mu.g.g.p.s.a.service.StroomAuditService  [0;39m [2m:[0;39m StroomAuditService called and the defaultEventLoggingService is: event.logging.impl.DefaultEventLoggingService@400d912a
[2m2020-06-16 14:45:35.113[0;39m [32m INFO[0;39m [35m73981[0;39m [2m---[0;39m [2m[           main][0;39m [36mu.g.g.p.s.a.c.ApplicationConfiguration  [0;39m [2m:[0;39m Instantiated LoggerAuditService
[2m2020-06-16 14:45:35.285[0;39m [33m WARN[0;39m [35m73981[0;39m [2m---[0;39m [2m[           main][0;39m [36mc.n.c.sources.URLConfigurationSource    [0;39m [2m:[0;39m No URLs will be polled as dynamic configuration sources.
[2m2020-06-16 14:45:35.285[0;39m [32m INFO[0;39m [35m73981[0;39m [2m---[0;39m [2m[           main][0;39m [36mc.n.c.sources.URLConfigurationSource    [0;39m [2m:[0;39m To enable URLs as dynamic configuration sources, define System property archaius.configurationSource.additionalUrls or make config.properties available on classpath.
[2m2020-06-16 14:45:36.935[0;39m [32m INFO[0;39m [35m73981[0;39m [2m---[0;39m [2m[           main][0;39m [36mo.s.s.concurrent.ThreadPoolTaskExecutor [0;39m [2m:[0;39m Initializing ExecutorService 'applicationTaskExecutor'
[2m2020-06-16 14:45:38.677[0;39m [33m WARN[0;39m [35m73981[0;39m [2m---[0;39m [2m[           main][0;39m [36mockingLoadBalancerClientRibbonWarnLogger[0;39m [2m:[0;39m You already have RibbonLoadBalancerClient on your classpath. It will be used by default. As Spring Cloud Ribbon is in maintenance mode. We recommend switching to BlockingLoadBalancerClient instead. In order to use it, set the value of `spring.cloud.loadbalancer.ribbon.enabled` to `false` or remove spring-cloud-starter-netflix-ribbon from your project.
[2m2020-06-16 14:45:38.908[0;39m [32m INFO[0;39m [35m73981[0;39m [2m---[0;39m [2m[           main][0;39m [36mo.s.b.a.e.web.EndpointLinksResolver     [0;39m [2m:[0;39m Exposing 18 endpoint(s) beneath base path '/actuator'
[2m2020-06-16 14:45:39.354[0;39m [32m INFO[0;39m [35m73981[0;39m [2m---[0;39m [2m[           main][0;39m [36mo.s.b.w.embedded.tomcat.TomcatWebServer [0;39m [2m:[0;39m Tomcat started on port(s): 61754 (http) with context path ''
[2m2020-06-16 14:45:39.355[0;39m [32m INFO[0;39m [35m73981[0;39m [2m---[0;39m [2m[           main][0;39m [36m.s.c.n.e.s.EurekaAutoServiceRegistration[0;39m [2m:[0;39m Updating port to 61754
[2m2020-06-16 14:45:39.420[0;39m [32m INFO[0;39m [35m73981[0;39m [2m---[0;39m [2m[           main][0;39m [36mo.s.c.n.eureka.InstanceInfoFactory      [0;39m [2m:[0;39m Setting initial instance status as: STARTING
[2m2020-06-16 14:45:39.820[0;39m [32m INFO[0;39m [35m73981[0;39m [2m---[0;39m [2m[           main][0;39m [36mcom.netflix.discovery.DiscoveryClient   [0;39m [2m:[0;39m Initializing Eureka in region us-east-1
[2m2020-06-16 14:45:40.730[0;39m [32m INFO[0;39m [35m73981[0;39m [2m---[0;39m [2m[           main][0;39m [36mc.n.d.provider.DiscoveryJerseyProvider  [0;39m [2m:[0;39m Using JSON encoding codec LegacyJacksonJson
[2m2020-06-16 14:45:40.730[0;39m [32m INFO[0;39m [35m73981[0;39m [2m---[0;39m [2m[           main][0;39m [36mc.n.d.provider.DiscoveryJerseyProvider  [0;39m [2m:[0;39m Using JSON decoding codec LegacyJacksonJson
[2m2020-06-16 14:45:41.516[0;39m [32m INFO[0;39m [35m73981[0;39m [2m---[0;39m [2m[           main][0;39m [36mc.n.d.provider.DiscoveryJerseyProvider  [0;39m [2m:[0;39m Using XML encoding codec XStreamXml
[2m2020-06-16 14:45:41.516[0;39m [32m INFO[0;39m [35m73981[0;39m [2m---[0;39m [2m[           main][0;39m [36mc.n.d.provider.DiscoveryJerseyProvider  [0;39m [2m:[0;39m Using XML decoding codec XStreamXml
[2m2020-06-16 14:45:42.614[0;39m [32m INFO[0;39m [35m73981[0;39m [2m---[0;39m [2m[           main][0;39m [36mc.n.d.s.r.aws.ConfigClusterResolver     [0;39m [2m:[0;39m Resolving eureka endpoints via configuration
[2m2020-06-16 14:45:42.713[0;39m [32m INFO[0;39m [35m73981[0;39m [2m---[0;39m [2m[           main][0;39m [36mcom.netflix.discovery.DiscoveryClient   [0;39m [2m:[0;39m Disable delta property : false
[2m2020-06-16 14:45:42.714[0;39m [32m INFO[0;39m [35m73981[0;39m [2m---[0;39m [2m[           main][0;39m [36mcom.netflix.discovery.DiscoveryClient   [0;39m [2m:[0;39m Single vip registry refresh property : null
[2m2020-06-16 14:45:42.714[0;39m [32m INFO[0;39m [35m73981[0;39m [2m---[0;39m [2m[           main][0;39m [36mcom.netflix.discovery.DiscoveryClient   [0;39m [2m:[0;39m Force full registry fetch : false
[2m2020-06-16 14:45:42.714[0;39m [32m INFO[0;39m [35m73981[0;39m [2m---[0;39m [2m[           main][0;39m [36mcom.netflix.discovery.DiscoveryClient   [0;39m [2m:[0;39m Application is null : false
[2m2020-06-16 14:45:42.714[0;39m [32m INFO[0;39m [35m73981[0;39m [2m---[0;39m [2m[           main][0;39m [36mcom.netflix.discovery.DiscoveryClient   [0;39m [2m:[0;39m Registered Applications size is zero : true
[2m2020-06-16 14:45:42.714[0;39m [32m INFO[0;39m [35m73981[0;39m [2m---[0;39m [2m[           main][0;39m [36mcom.netflix.discovery.DiscoveryClient   [0;39m [2m:[0;39m Application version is -1: true
[2m2020-06-16 14:45:42.714[0;39m [32m INFO[0;39m [35m73981[0;39m [2m---[0;39m [2m[           main][0;39m [36mcom.netflix.discovery.DiscoveryClient   [0;39m [2m:[0;39m Getting all instance registry info from the eureka server
[2m2020-06-16 14:45:43.608[0;39m [32m INFO[0;39m [35m73981[0;39m [2m---[0;39m [2m[           main][0;39m [36mcom.netflix.discovery.DiscoveryClient   [0;39m [2m:[0;39m The response status is 200
[2m2020-06-16 14:45:43.613[0;39m [32m INFO[0;39m [35m73981[0;39m [2m---[0;39m [2m[           main][0;39m [36mcom.netflix.discovery.DiscoveryClient   [0;39m [2m:[0;39m Starting heartbeat executor: renew interval is: 5
[2m2020-06-16 14:45:43.617[0;39m [32m INFO[0;39m [35m73981[0;39m [2m---[0;39m [2m[           main][0;39m [36mc.n.discovery.InstanceInfoReplicator    [0;39m [2m:[0;39m InstanceInfoReplicator onDemand update allowed rate per min is 4
[2m2020-06-16 14:45:43.626[0;39m [32m INFO[0;39m [35m73981[0;39m [2m---[0;39m [2m[           main][0;39m [36mcom.netflix.discovery.DiscoveryClient   [0;39m [2m:[0;39m Discovery Client initialized at timestamp 1592315143623 with initial instances count: 2
[2m2020-06-16 14:45:43.669[0;39m [32m INFO[0;39m [35m73981[0;39m [2m---[0;39m [2m[           main][0;39m [36mo.s.c.n.e.s.EurekaServiceRegistry       [0;39m [2m:[0;39m Registering application AUDIT-SERVICE with eureka with status UP
[2m2020-06-16 14:45:43.670[0;39m [32m INFO[0;39m [35m73981[0;39m [2m---[0;39m [2m[           main][0;39m [36mcom.netflix.discovery.DiscoveryClient   [0;39m [2m:[0;39m Saw local status change event StatusChangeEvent [timestamp=1592315143670, current=UP, previous=STARTING]
[2m2020-06-16 14:45:43.672[0;39m [32m INFO[0;39m [35m73981[0;39m [2m---[0;39m [2m[nfoReplicator-0][0;39m [36mcom.netflix.discovery.DiscoveryClient   [0;39m [2m:[0;39m DiscoveryClient_AUDIT-SERVICE/192.168.1.96:audit-service:0: registering service...
[2m2020-06-16 14:45:43.745[0;39m [32m INFO[0;39m [35m73981[0;39m [2m---[0;39m [2m[           main][0;39m [36mu.g.g.p.service.audit.AuditApplication  [0;39m [2m:[0;39m Started AuditApplication in 32.847 seconds (JVM running for 36.773)
[2m2020-06-16 14:45:43.765[0;39m [32m INFO[0;39m [35m73981[0;39m [2m---[0;39m [2m[nfoReplicator-0][0;39m [36mcom.netflix.discovery.DiscoveryClient   [0;39m [2m:[0;39m DiscoveryClient_AUDIT-SERVICE/192.168.1.96:audit-service:0 - registration status: 204
[2m2020-06-16 14:45:47.668[0;39m [32m INFO[0;39m [35m73981[0;39m [2m---[0;39m [2m[o-auto-1-exec-1][0;39m [36mo.a.c.c.C.[Tomcat].[localhost].[/]      [0;39m [2m:[0;39m Initializing Spring DispatcherServlet 'dispatcherServlet'
[2m2020-06-16 14:45:47.668[0;39m [32m INFO[0;39m [35m73981[0;39m [2m---[0;39m [2m[o-auto-1-exec-1][0;39m [36mo.s.web.servlet.DispatcherServlet       [0;39m [2m:[0;39m Initializing Servlet 'dispatcherServlet'
[2m2020-06-16 14:45:47.688[0;39m [32m INFO[0;39m [35m73981[0;39m [2m---[0;39m [2m[o-auto-1-exec-1][0;39m [36mo.s.web.servlet.DispatcherServlet       [0;39m [2m:[0;39m Completed initialization in 20 ms
[2m2020-06-16 14:47:45.224[0;39m [32mDEBUG[0;39m [35m73981[0;39m [2m---[0;39m [2m[o-auto-1-exec-7][0;39m [36mu.g.g.p.s.audit.request.AuditRequest    [0;39m [2m:[0;39m AuditRequest called passing in RequestId[id='96be474f-340b-4d6a-98d0-850d8f501af1']
[2m2020-06-16 14:47:50.230[0;39m [32mDEBUG[0;39m [35m73981[0;39m [2m---[0;39m [2m[o-auto-1-exec-7][0;39m [36mu.g.g.p.s.audit.request.AuditRequest    [0;39m [2m:[0;39m AuditRequest instantiated and serverHostname is: Users-MacBook-Pro.local, and serverIP is 192.168.1.96
[2m2020-06-16 14:47:50.232[0;39m [32mDEBUG[0;39m [35m73981[0;39m [2m---[0;39m [2m[o-auto-1-exec-7][0;39m [36mu.g.g.p.s.audit.web.AuditController     [0;39m [2m:[0;39m Invoking GetUserRequest: RegisterRequestCompleteAuditRequest[user=ExampleUser[trainingCourses=[PAYROLL_TRAINING_COURSE], User[userId=UserId[id='Alice'], roles=[HR], auths=[public private], uk.gov.gchq.palisade.example.common.ExampleUser@760769ed]], leafResources=[AbstractLeafResource[type='uk.gov.gchq.palisade.example.hrdatagenerator.types.Employee', serialisedFormat='avro', connectionDetail=SimpleConnectionDetail[serviceName='data-service', uk.gov.gchq.palisade.service.SimpleConnectionDetail@41a4fb1], parent=DirectoryResource[parent=DirectoryResource[parent=DirectoryResource[parent=DirectoryResource[parent=DirectoryResource[parent=DirectoryResource[parent=AbstractResource[id='file:/', uk.gov.gchq.palisade.resource.impl.SystemResource@b4088dd0], AbstractResource[id='file:/Users/', uk.gov.gchq.palisade.resource.impl.DirectoryResource@19db381a]], AbstractResource[id='file:/Users/nigel/', uk.gov.gchq.palisade.resource.impl.DirectoryResource@d37ff508]], AbstractResource[id='file:/Users/nigel/development/', uk.gov.gchq.palisade.resource.impl.DirectoryResource@2cab3022]], AbstractResource[id='file:/Users/nigel/development/Palisade-examples/', uk.gov.gchq.palisade.resource.impl.DirectoryResource@e8762126]], AbstractResource[id='file:/Users/nigel/development/Palisade-examples/resources/', uk.gov.gchq.palisade.resource.impl.DirectoryResource@fc2a6640]], AbstractResource[id='file:/Users/nigel/development/Palisade-examples/resources/data/', uk.gov.gchq.palisade.resource.impl.DirectoryResource@e426a205]], attributes={}, AbstractResource[id='file:/Users/nigel/development/Palisade-examples/resources/data/employee_file0.avro', uk.gov.gchq.palisade.resource.impl.FileResource@ca13e0d2]], AbstractLeafResource[type='uk.gov.gchq.palisade.example.hrdatagenerator.types.Employee', serialisedFormat='avro', connectionDetail=SimpleConnectionDetail[serviceName='data-service', uk.gov.gchq.palisade.service.SimpleConnectionDetail@41a4fb1], parent=DirectoryResource[parent=DirectoryResource[parent=DirectoryResource[parent=DirectoryResource[parent=DirectoryResource[parent=DirectoryResource[parent=AbstractResource[id='file:/', uk.gov.gchq.palisade.resource.impl.SystemResource@b4088dd0], AbstractResource[id='file:/Users/', uk.gov.gchq.palisade.resource.impl.DirectoryResource@19db381a]], AbstractResource[id='file:/Users/nigel/', uk.gov.gchq.palisade.resource.impl.DirectoryResource@d37ff508]], AbstractResource[id='file:/Users/nigel/development/', uk.gov.gchq.palisade.resource.impl.DirectoryResource@2cab3022]], AbstractResource[id='file:/Users/nigel/development/Palisade-examples/', uk.gov.gchq.palisade.resource.impl.DirectoryResource@e8762126]], AbstractResource[id='file:/Users/nigel/development/Palisade-examples/resources/', uk.gov.gchq.palisade.resource.impl.DirectoryResource@fc2a6640]], AbstractResource[id='file:/Users/nigel/development/Palisade-examples/resources/data/', uk.gov.gchq.palisade.resource.impl.DirectoryResource@e426a205]], attributes={}, AbstractResource[id='file:/Users/nigel/development/Palisade-examples/resources/data/employee_file1.avro', uk.gov.gchq.palisade.resource.impl.FileResource@5ef89393]]], context=Context[contents={purpose=SALARY}], AuditRequest[timestamp=+52428-06-17T18:28:05Z[UTC], serverIp='192.168.1.96', serverHostname='Users-MacBook-Pro.local', Request[id=RequestId[id='825e6a97-eaf8-4c3d-a813-0514dfab1ba6'], originalRequestId=RequestId[id='96be474f-340b-4d6a-98d0-850d8f501af1']]]]
[2m2020-06-16 14:47:50.238[0;39m [32m INFO[0;39m [35m73981[0;39m [2m---[0;39m [2m[o-auto-1-exec-7][0;39m [36mu.g.g.p.s.a.service.SimpleAuditService  [0;39m [2m:[0;39m SimpleAuditService.audit called with RegisterRequestCompleteAuditRequest[user=ExampleUser[trainingCourses=[PAYROLL_TRAINING_COURSE], User[userId=UserId[id='Alice'], roles=[HR], auths=[public private], uk.gov.gchq.palisade.example.common.ExampleUser@760769ed]], leafResources=[AbstractLeafResource[type='uk.gov.gchq.palisade.example.hrdatagenerator.types.Employee', serialisedFormat='avro', connectionDetail=SimpleConnectionDetail[serviceName='data-service', uk.gov.gchq.palisade.service.SimpleConnectionDetail@41a4fb1], parent=DirectoryResource[parent=DirectoryResource[parent=DirectoryResource[parent=DirectoryResource[parent=DirectoryResource[parent=DirectoryResource[parent=AbstractResource[id='file:/', uk.gov.gchq.palisade.resource.impl.SystemResource@b4088dd0], AbstractResource[id='file:/Users/', uk.gov.gchq.palisade.resource.impl.DirectoryResource@19db381a]], AbstractResource[id='file:/Users/nigel/', uk.gov.gchq.palisade.resource.impl.DirectoryResource@d37ff508]], AbstractResource[id='file:/Users/nigel/development/', uk.gov.gchq.palisade.resource.impl.DirectoryResource@2cab3022]], AbstractResource[id='file:/Users/nigel/development/Palisade-examples/', uk.gov.gchq.palisade.resource.impl.DirectoryResource@e8762126]], AbstractResource[id='file:/Users/nigel/development/Palisade-examples/resources/', uk.gov.gchq.palisade.resource.impl.DirectoryResource@fc2a6640]], AbstractResource[id='file:/Users/nigel/development/Palisade-examples/resources/data/', uk.gov.gchq.palisade.resource.impl.DirectoryResource@e426a205]], attributes={}, AbstractResource[id='file:/Users/nigel/development/Palisade-examples/resources/data/employee_file0.avro', uk.gov.gchq.palisade.resource.impl.FileResource@ca13e0d2]], AbstractLeafResource[type='uk.gov.gchq.palisade.example.hrdatagenerator.types.Employee', serialisedFormat='avro', connectionDetail=SimpleConnectionDetail[serviceName='data-service', uk.gov.gchq.palisade.service.SimpleConnectionDetail@41a4fb1], parent=DirectoryResource[parent=DirectoryResource[parent=DirectoryResource[parent=DirectoryResource[parent=DirectoryResource[parent=DirectoryResource[parent=AbstractResource[id='file:/', uk.gov.gchq.palisade.resource.impl.SystemResource@b4088dd0], AbstractResource[id='file:/Users/', uk.gov.gchq.palisade.resource.impl.DirectoryResource@19db381a]], AbstractResource[id='file:/Users/nigel/', uk.gov.gchq.palisade.resource.impl.DirectoryResource@d37ff508]], AbstractResource[id='file:/Users/nigel/development/', uk.gov.gchq.palisade.resource.impl.DirectoryResource@2cab3022]], AbstractResource[id='file:/Users/nigel/development/Palisade-examples/', uk.gov.gchq.palisade.resource.impl.DirectoryResource@e8762126]], AbstractResource[id='file:/Users/nigel/development/Palisade-examples/resources/', uk.gov.gchq.palisade.resource.impl.DirectoryResource@fc2a6640]], AbstractResource[id='file:/Users/nigel/development/Palisade-examples/resources/data/', uk.gov.gchq.palisade.resource.impl.DirectoryResource@e426a205]], attributes={}, AbstractResource[id='file:/Users/nigel/development/Palisade-examples/resources/data/employee_file1.avro', uk.gov.gchq.palisade.resource.impl.FileResource@5ef89393]]], context=Context[contents={purpose=SALARY}], AuditRequest[timestamp=+52428-06-17T18:28:05Z[UTC], serverIp='192.168.1.96', serverHostname='Users-MacBook-Pro.local', Request[id=RequestId[id='825e6a97-eaf8-4c3d-a813-0514dfab1ba6'], originalRequestId=RequestId[id='96be474f-340b-4d6a-98d0-850d8f501af1']]]]
[2m2020-06-16 14:47:50.241[0;39m [32mDEBUG[0;39m [35m73981[0;39m [2m---[0;39m [2m[o-auto-1-exec-7][0;39m [36mu.g.g.p.s.a.service.StroomAuditService  [0;39m [2m:[0;39m onRegisterRequestComplete called and the DefaultEventLoggingService is: event.logging.impl.DefaultEventLoggingService@400d912a, and AuditRequest is: RegisterRequestCompleteAuditRequest[user=ExampleUser[trainingCourses=[PAYROLL_TRAINING_COURSE], User[userId=UserId[id='Alice'], roles=[HR], auths=[public private], uk.gov.gchq.palisade.example.common.ExampleUser@760769ed]], leafResources=[AbstractLeafResource[type='uk.gov.gchq.palisade.example.hrdatagenerator.types.Employee', serialisedFormat='avro', connectionDetail=SimpleConnectionDetail[serviceName='data-service', uk.gov.gchq.palisade.service.SimpleConnectionDetail@41a4fb1], parent=DirectoryResource[parent=DirectoryResource[parent=DirectoryResource[parent=DirectoryResource[parent=DirectoryResource[parent=DirectoryResource[parent=AbstractResource[id='file:/', uk.gov.gchq.palisade.resource.impl.SystemResource@b4088dd0], AbstractResource[id='file:/Users/', uk.gov.gchq.palisade.resource.impl.DirectoryResource@19db381a]], AbstractResource[id='file:/Users/nigel/', uk.gov.gchq.palisade.resource.impl.DirectoryResource@d37ff508]], AbstractResource[id='file:/Users/nigel/development/', uk.gov.gchq.palisade.resource.impl.DirectoryResource@2cab3022]], AbstractResource[id='file:/Users/nigel/development/Palisade-examples/', uk.gov.gchq.palisade.resource.impl.DirectoryResource@e8762126]], AbstractResource[id='file:/Users/nigel/development/Palisade-examples/resources/', uk.gov.gchq.palisade.resource.impl.DirectoryResource@fc2a6640]], AbstractResource[id='file:/Users/nigel/development/Palisade-examples/resources/data/', uk.gov.gchq.palisade.resource.impl.DirectoryResource@e426a205]], attributes={}, AbstractResource[id='file:/Users/nigel/development/Palisade-examples/resources/data/employee_file0.avro', uk.gov.gchq.palisade.resource.impl.FileResource@ca13e0d2]], AbstractLeafResource[type='uk.gov.gchq.palisade.example.hrdatagenerator.types.Employee', serialisedFormat='avro', connectionDetail=SimpleConnectionDetail[serviceName='data-service', uk.gov.gchq.palisade.service.SimpleConnectionDetail@41a4fb1], parent=DirectoryResource[parent=DirectoryResource[parent=DirectoryResource[parent=DirectoryResource[parent=DirectoryResource[parent=DirectoryResource[parent=AbstractResource[id='file:/', uk.gov.gchq.palisade.resource.impl.SystemResource@b4088dd0], AbstractResource[id='file:/Users/', uk.gov.gchq.palisade.resource.impl.DirectoryResource@19db381a]], AbstractResource[id='file:/Users/nigel/', uk.gov.gchq.palisade.resource.impl.DirectoryResource@d37ff508]], AbstractResource[id='file:/Users/nigel/development/', uk.gov.gchq.palisade.resource.impl.DirectoryResource@2cab3022]], AbstractResource[id='file:/Users/nigel/development/Palisade-examples/', uk.gov.gchq.palisade.resource.impl.DirectoryResource@e8762126]], AbstractResource[id='file:/Users/nigel/development/Palisade-examples/resources/', uk.gov.gchq.palisade.resource.impl.DirectoryResource@fc2a6640]], AbstractResource[id='file:/Users/nigel/development/Palisade-examples/resources/data/', uk.gov.gchq.palisade.resource.impl.DirectoryResource@e426a205]], attributes={}, AbstractResource[id='file:/Users/nigel/development/Palisade-examples/resources/data/employee_file1.avro', uk.gov.gchq.palisade.resource.impl.FileResource@5ef89393]]], context=Context[contents={purpose=SALARY}], AuditRequest[timestamp=+52428-06-17T18:28:05Z[UTC], serverIp='192.168.1.96', serverHostname='Users-MacBook-Pro.local', Request[id=RequestId[id='825e6a97-eaf8-4c3d-a813-0514dfab1ba6'], originalRequestId=RequestId[id='96be474f-340b-4d6a-98d0-850d8f501af1']]]]
[2m2020-06-16 14:47:50.241[0;39m [32mDEBUG[0;39m [35m73981[0;39m [2m---[0;39m [2m[o-auto-1-exec-7][0;39m [36mu.g.g.p.s.a.service.StroomAuditService  [0;39m [2m:[0;39m generateNewGenericEvent called and the DefaultEventLoggingService is: event.logging.impl.DefaultEventLoggingService@400d912a, and AuditRequest is: RegisterRequestCompleteAuditRequest[user=ExampleUser[trainingCourses=[PAYROLL_TRAINING_COURSE], User[userId=UserId[id='Alice'], roles=[HR], auths=[public private], uk.gov.gchq.palisade.example.common.ExampleUser@760769ed]], leafResources=[AbstractLeafResource[type='uk.gov.gchq.palisade.example.hrdatagenerator.types.Employee', serialisedFormat='avro', connectionDetail=SimpleConnectionDetail[serviceName='data-service', uk.gov.gchq.palisade.service.SimpleConnectionDetail@41a4fb1], parent=DirectoryResource[parent=DirectoryResource[parent=DirectoryResource[parent=DirectoryResource[parent=DirectoryResource[parent=DirectoryResource[parent=AbstractResource[id='file:/', uk.gov.gchq.palisade.resource.impl.SystemResource@b4088dd0], AbstractResource[id='file:/Users/', uk.gov.gchq.palisade.resource.impl.DirectoryResource@19db381a]], AbstractResource[id='file:/Users/nigel/', uk.gov.gchq.palisade.resource.impl.DirectoryResource@d37ff508]], AbstractResource[id='file:/Users/nigel/development/', uk.gov.gchq.palisade.resource.impl.DirectoryResource@2cab3022]], AbstractResource[id='file:/Users/nigel/development/Palisade-examples/', uk.gov.gchq.palisade.resource.impl.DirectoryResource@e8762126]], AbstractResource[id='file:/Users/nigel/development/Palisade-examples/resources/', uk.gov.gchq.palisade.resource.impl.DirectoryResource@fc2a6640]], AbstractResource[id='file:/Users/nigel/development/Palisade-examples/resources/data/', uk.gov.gchq.palisade.resource.impl.DirectoryResource@e426a205]], attributes={}, AbstractResource[id='file:/Users/nigel/development/Palisade-examples/resources/data/employee_file0.avro', uk.gov.gchq.palisade.resource.impl.FileResource@ca13e0d2]], AbstractLeafResource[type='uk.gov.gchq.palisade.example.hrdatagenerator.types.Employee', serialisedFormat='avro', connectionDetail=SimpleConnectionDetail[serviceName='data-service', uk.gov.gchq.palisade.service.SimpleConnectionDetail@41a4fb1], parent=DirectoryResource[parent=DirectoryResource[parent=DirectoryResource[parent=DirectoryResource[parent=DirectoryResource[parent=DirectoryResource[parent=AbstractResource[id='file:/', uk.gov.gchq.palisade.resource.impl.SystemResource@b4088dd0], AbstractResource[id='file:/Users/', uk.gov.gchq.palisade.resource.impl.DirectoryResource@19db381a]], AbstractResource[id='file:/Users/nigel/', uk.gov.gchq.palisade.resource.impl.DirectoryResource@d37ff508]], AbstractResource[id='file:/Users/nigel/development/', uk.gov.gchq.palisade.resource.impl.DirectoryResource@2cab3022]], AbstractResource[id='file:/Users/nigel/development/Palisade-examples/', uk.gov.gchq.palisade.resource.impl.DirectoryResource@e8762126]], AbstractResource[id='file:/Users/nigel/development/Palisade-examples/resources/', uk.gov.gchq.palisade.resource.impl.DirectoryResource@fc2a6640]], AbstractResource[id='file:/Users/nigel/development/Palisade-examples/resources/data/', uk.gov.gchq.palisade.resource.impl.DirectoryResource@e426a205]], attributes={}, AbstractResource[id='file:/Users/nigel/development/Palisade-examples/resources/data/employee_file1.avro', uk.gov.gchq.palisade.resource.impl.FileResource@5ef89393]]], context=Context[contents={purpose=SALARY}], AuditRequest[timestamp=+52428-06-17T18:28:05Z[UTC], serverIp='192.168.1.96', serverHostname='Users-MacBook-Pro.local', Request[id=RequestId[id='825e6a97-eaf8-4c3d-a813-0514dfab1ba6'], originalRequestId=RequestId[id='96be474f-340b-4d6a-98d0-850d8f501af1']]]]
[2m2020-06-16 14:47:50.246[0;39m [32mDEBUG[0;39m [35m73981[0;39m [2m---[0;39m [2m[o-auto-1-exec-7][0;39m [36mu.g.g.p.s.a.service.StroomAuditService  [0;39m [2m:[0;39m generateNewGenericEvent returned event.logging.Event@79a67212
[2m2020-06-16 14:47:50.248[0;39m [32mDEBUG[0;39m [35m73981[0;39m [2m---[0;39m [2m[o-auto-1-exec-7][0;39m [36mu.g.g.p.s.a.service.StroomAuditService  [0;39m [2m:[0;39m addUserToEvent called and the event is: event.logging.Event@79a67212, and userId is: UserId[id='Alice']
[2m2020-06-16 14:47:50.249[0;39m [32mDEBUG[0;39m [35m73981[0;39m [2m---[0;39m [2m[o-auto-1-exec-7][0;39m [36mu.g.g.p.s.a.service.StroomAuditService  [0;39m [2m:[0;39m addPurposeToEvent called and the event is: event.logging.Event@79a67212, and context is: Context[contents={purpose=SALARY}]
[2m2020-06-16 14:47:50.250[0;39m [32mDEBUG[0;39m [35m73981[0;39m [2m---[0;39m [2m[o-auto-1-exec-7][0;39m [36mu.g.g.p.s.a.service.StroomAuditService  [0;39m [2m:[0;39m onRegisterRequestComplete resources is not empty
[2m2020-06-16 14:47:50.251[0;39m [32mDEBUG[0;39m [35m73981[0;39m [2m---[0;39m [2m[o-auto-1-exec-7][0;39m [36mu.g.g.p.s.a.service.StroomAuditService  [0;39m [2m:[0;39m createOutcome called and the success is: true, and outcome is: event.logging.Outcome@62bb7c31
[2m2020-06-16 14:47:50.780[0;39m [32m INFO[0;39m [35m73981[0;39m [2m---[0;39m [2m[o-auto-1-exec-7][0;39m [36mevent.logging.impl.LogReceiverFactory   [0;39m [2m:[0;39m Using 'event.logging.impl.LoggerLogReceiver' to receive logs
[2m2020-06-16 14:47:50.781[0;39m [32m INFO[0;39m [35m73981[0;39m [2m---[0;39m [2m[o-auto-1-exec-7][0;39m [36mevent-logger                            [0;39m [2m:[0;39m <Event xmlns="event-logging:3">
  <EventTime>
    <TimeCreated>52428-06-17T18:28:05.000Z</TimeCreated>
  </EventTime>
  <EventSource>
    <System/>
    <Generator>Palisade</Generator>
    <Device>
      <HostName>Users-MacBook-Pro.local</HostName>
      <IPAddress>192.168.1.96</IPAddress>
    </Device>
    <User>
      <Id>Alice</Id>
    </User>
  </EventSource>
  <EventDetail>
    <TypeId>REGISTER_REQUEST_COMPLETED</TypeId>
    <Description>Audits the fact that this request for data has been approved and these are the resources they have been given course grain approval to query.</Description>
    <Purpose>
      <Justification>SALARY</Justification>
    </Purpose>
    <Authorise>
      <Object>
        <Type>uk.gov.gchq.palisade.example.hrdatagenerator.types.Employee</Type>
        <Id>file:/Users/nigel/development/Palisade-examples/resources/data/employee_file0.avro</Id>
      </Object>
      <Object>
        <Type>uk.gov.gchq.palisade.example.hrdatagenerator.types.Employee</Type>
        <Id>file:/Users/nigel/development/Palisade-examples/resources/data/employee_file1.avro</Id>
      </Object>
      <Action>Request</Action>
      <Outcome>
        <Success>true</Success>
      </Outcome>
    </Authorise>
  </EventDetail>
  <EventChain>
    <Activity>
      <Id>825e6a97-eaf8-4c3d-a813-0514dfab1ba6</Id>
      <Parent>
        <Id>96be474f-340b-4d6a-98d0-850d8f501af1</Id>
      </Parent>
    </Activity>
  </EventChain>
</Event>
[2m2020-06-16 14:47:50.781[0;39m [32mDEBUG[0;39m [35m73981[0;39m [2m---[0;39m [2m[o-auto-1-exec-7][0;39m [36mu.g.g.p.s.a.service.StroomAuditService  [0;39m [2m:[0;39m onRegisterRequestComplete authorisationEvent is event.logging.Event@79a67212
[2m2020-06-16 14:47:50.781[0;39m [32mDEBUG[0;39m [35m73981[0;39m [2m---[0;39m [2m[o-auto-1-exec-7][0;39m [36mu.g.g.p.s.a.service.LoggerAuditService  [0;39m [2m:[0;39m onRegisterRequestComplete called, logger is: Logger[uk.gov.gchq.palisade.service.audit.service.LoggerAuditService], and request is RegisterRequestCompleteAuditRequest[user=ExampleUser[trainingCourses=[PAYROLL_TRAINING_COURSE], User[userId=UserId[id='Alice'], roles=[HR], auths=[public private], uk.gov.gchq.palisade.example.common.ExampleUser@760769ed]], leafResources=[AbstractLeafResource[type='uk.gov.gchq.palisade.example.hrdatagenerator.types.Employee', serialisedFormat='avro', connectionDetail=SimpleConnectionDetail[serviceName='data-service', uk.gov.gchq.palisade.service.SimpleConnectionDetail@41a4fb1], parent=DirectoryResource[parent=DirectoryResource[parent=DirectoryResource[parent=DirectoryResource[parent=DirectoryResource[parent=DirectoryResource[parent=AbstractResource[id='file:/', uk.gov.gchq.palisade.resource.impl.SystemResource@b4088dd0], AbstractResource[id='file:/Users/', uk.gov.gchq.palisade.resource.impl.DirectoryResource@19db381a]], AbstractResource[id='file:/Users/nigel/', uk.gov.gchq.palisade.resource.impl.DirectoryResource@d37ff508]], AbstractResource[id='file:/Users/nigel/development/', uk.gov.gchq.palisade.resource.impl.DirectoryResource@2cab3022]], AbstractResource[id='file:/Users/nigel/development/Palisade-examples/', uk.gov.gchq.palisade.resource.impl.DirectoryResource@e8762126]], AbstractResource[id='file:/Users/nigel/development/Palisade-examples/resources/', uk.gov.gchq.palisade.resource.impl.DirectoryResource@fc2a6640]], AbstractResource[id='file:/Users/nigel/development/Palisade-examples/resources/data/', uk.gov.gchq.palisade.resource.impl.DirectoryResource@e426a205]], attributes={}, AbstractResource[id='file:/Users/nigel/development/Palisade-examples/resources/data/employee_file0.avro', uk.gov.gchq.palisade.resource.impl.FileResource@ca13e0d2]], AbstractLeafResource[type='uk.gov.gchq.palisade.example.hrdatagenerator.types.Employee', serialisedFormat='avro', connectionDetail=SimpleConnectionDetail[serviceName='data-service', uk.gov.gchq.palisade.service.SimpleConnectionDetail@41a4fb1], parent=DirectoryResource[parent=DirectoryResource[parent=DirectoryResource[parent=DirectoryResource[parent=DirectoryResource[parent=DirectoryResource[parent=AbstractResource[id='file:/', uk.gov.gchq.palisade.resource.impl.SystemResource@b4088dd0], AbstractResource[id='file:/Users/', uk.gov.gchq.palisade.resource.impl.DirectoryResource@19db381a]], AbstractResource[id='file:/Users/nigel/', uk.gov.gchq.palisade.resource.impl.DirectoryResource@d37ff508]], AbstractResource[id='file:/Users/nigel/development/', uk.gov.gchq.palisade.resource.impl.DirectoryResource@2cab3022]], AbstractResource[id='file:/Users/nigel/development/Palisade-examples/', uk.gov.gchq.palisade.resource.impl.DirectoryResource@e8762126]], AbstractResource[id='file:/Users/nigel/development/Palisade-examples/resources/', uk.gov.gchq.palisade.resource.impl.DirectoryResource@fc2a6640]], AbstractResource[id='file:/Users/nigel/development/Palisade-examples/resources/data/', uk.gov.gchq.palisade.resource.impl.DirectoryResource@e426a205]], attributes={}, AbstractResource[id='file:/Users/nigel/development/Palisade-examples/resources/data/employee_file1.avro', uk.gov.gchq.palisade.resource.impl.FileResource@5ef89393]]], context=Context[contents={purpose=SALARY}], AuditRequest[timestamp=+52428-06-17T18:28:05Z[UTC], serverIp='192.168.1.96', serverHostname='Users-MacBook-Pro.local', Request[id=RequestId[id='825e6a97-eaf8-4c3d-a813-0514dfab1ba6'], originalRequestId=RequestId[id='96be474f-340b-4d6a-98d0-850d8f501af1']]]]
[2m2020-06-16 14:47:50.782[0;39m [32m INFO[0;39m [35m73981[0;39m [2m---[0;39m [2m[o-auto-1-exec-7][0;39m [36mu.g.g.p.s.a.service.LoggerAuditService  [0;39m [2m:[0;39m 'AuditRequest$RegisterRequestCompleteAuditRequest': RegisterRequestCompleteAuditRequest[user=ExampleUser[trainingCourses=[PAYROLL_TRAINING_COURSE], User[userId=UserId[id='Alice'], roles=[HR], auths=[public private], uk.gov.gchq.palisade.example.common.ExampleUser@760769ed]], leafResources=[AbstractLeafResource[type='uk.gov.gchq.palisade.example.hrdatagenerator.types.Employee', serialisedFormat='avro', connectionDetail=SimpleConnectionDetail[serviceName='data-service', uk.gov.gchq.palisade.service.SimpleConnectionDetail@41a4fb1], parent=DirectoryResource[parent=DirectoryResource[parent=DirectoryResource[parent=DirectoryResource[parent=DirectoryResource[parent=DirectoryResource[parent=AbstractResource[id='file:/', uk.gov.gchq.palisade.resource.impl.SystemResource@b4088dd0], AbstractResource[id='file:/Users/', uk.gov.gchq.palisade.resource.impl.DirectoryResource@19db381a]], AbstractResource[id='file:/Users/nigel/', uk.gov.gchq.palisade.resource.impl.DirectoryResource@d37ff508]], AbstractResource[id='file:/Users/nigel/development/', uk.gov.gchq.palisade.resource.impl.DirectoryResource@2cab3022]], AbstractResource[id='file:/Users/nigel/development/Palisade-examples/', uk.gov.gchq.palisade.resource.impl.DirectoryResource@e8762126]], AbstractResource[id='file:/Users/nigel/development/Palisade-examples/resources/', uk.gov.gchq.palisade.resource.impl.DirectoryResource@fc2a6640]], AbstractResource[id='file:/Users/nigel/development/Palisade-examples/resources/data/', uk.gov.gchq.palisade.resource.impl.DirectoryResource@e426a205]], attributes={}, AbstractResource[id='file:/Users/nigel/development/Palisade-examples/resources/data/employee_file0.avro', uk.gov.gchq.palisade.resource.impl.FileResource@ca13e0d2]], AbstractLeafResource[type='uk.gov.gchq.palisade.example.hrdatagenerator.types.Employee', serialisedFormat='avro', connectionDetail=SimpleConnectionDetail[serviceName='data-service', uk.gov.gchq.palisade.service.SimpleConnectionDetail@41a4fb1], parent=DirectoryResource[parent=DirectoryResource[parent=DirectoryResource[parent=DirectoryResource[parent=DirectoryResource[parent=DirectoryResource[parent=AbstractResource[id='file:/', uk.gov.gchq.palisade.resource.impl.SystemResource@b4088dd0], AbstractResource[id='file:/Users/', uk.gov.gchq.palisade.resource.impl.DirectoryResource@19db381a]], AbstractResource[id='file:/Users/nigel/', uk.gov.gchq.palisade.resource.impl.DirectoryResource@d37ff508]], AbstractResource[id='file:/Users/nigel/development/', uk.gov.gchq.palisade.resource.impl.DirectoryResource@2cab3022]], AbstractResource[id='file:/Users/nigel/development/Palisade-examples/', uk.gov.gchq.palisade.resource.impl.DirectoryResource@e8762126]], AbstractResource[id='file:/Users/nigel/development/Palisade-examples/resources/', uk.gov.gchq.palisade.resource.impl.DirectoryResource@fc2a6640]], AbstractResource[id='file:/Users/nigel/development/Palisade-examples/resources/data/', uk.gov.gchq.palisade.resource.impl.DirectoryResource@e426a205]], attributes={}, AbstractResource[id='file:/Users/nigel/development/Palisade-examples/resources/data/employee_file1.avro', uk.gov.gchq.palisade.resource.impl.FileResource@5ef89393]]], context=Context[contents={purpose=SALARY}], AuditRequest[timestamp=+52428-06-17T18:28:05Z[UTC], serverIp='192.168.1.96', serverHostname='Users-MacBook-Pro.local', Request[id=RequestId[id='825e6a97-eaf8-4c3d-a813-0514dfab1ba6'], originalRequestId=RequestId[id='96be474f-340b-4d6a-98d0-850d8f501af1']]]]
[2m2020-06-16 14:47:50.782[0;39m [32m INFO[0;39m [35m73981[0;39m [2m---[0;39m [2m[o-auto-1-exec-7][0;39m [36mu.g.g.p.s.a.service.LoggerAuditService  [0;39m [2m:[0;39m RegisterRequestComplete: 'AuditRequest$RegisterRequestCompleteAuditRequest': RegisterRequestCompleteAuditRequest[user=ExampleUser[trainingCourses=[PAYROLL_TRAINING_COURSE], User[userId=UserId[id='Alice'], roles=[HR], auths=[public private], uk.gov.gchq.palisade.example.common.ExampleUser@760769ed]], leafResources=[AbstractLeafResource[type='uk.gov.gchq.palisade.example.hrdatagenerator.types.Employee', serialisedFormat='avro', connectionDetail=SimpleConnectionDetail[serviceName='data-service', uk.gov.gchq.palisade.service.SimpleConnectionDetail@41a4fb1], parent=DirectoryResource[parent=DirectoryResource[parent=DirectoryResource[parent=DirectoryResource[parent=DirectoryResource[parent=DirectoryResource[parent=AbstractResource[id='file:/', uk.gov.gchq.palisade.resource.impl.SystemResource@b4088dd0], AbstractResource[id='file:/Users/', uk.gov.gchq.palisade.resource.impl.DirectoryResource@19db381a]], AbstractResource[id='file:/Users/nigel/', uk.gov.gchq.palisade.resource.impl.DirectoryResource@d37ff508]], AbstractResource[id='file:/Users/nigel/development/', uk.gov.gchq.palisade.resource.impl.DirectoryResource@2cab3022]], AbstractResource[id='file:/Users/nigel/development/Palisade-examples/', uk.gov.gchq.palisade.resource.impl.DirectoryResource@e8762126]], AbstractResource[id='file:/Users/nigel/development/Palisade-examples/resources/', uk.gov.gchq.palisade.resource.impl.DirectoryResource@fc2a6640]], AbstractResource[id='file:/Users/nigel/development/Palisade-examples/resources/data/', uk.gov.gchq.palisade.resource.impl.DirectoryResource@e426a205]], attributes={}, AbstractResource[id='file:/Users/nigel/development/Palisade-examples/resources/data/employee_file0.avro', uk.gov.gchq.palisade.resource.impl.FileResource@ca13e0d2]], AbstractLeafResource[type='uk.gov.gchq.palisade.example.hrdatagenerator.types.Employee', serialisedFormat='avro', connectionDetail=SimpleConnectionDetail[serviceName='data-service', uk.gov.gchq.palisade.service.SimpleConnectionDetail@41a4fb1], parent=DirectoryResource[parent=DirectoryResource[parent=DirectoryResource[parent=DirectoryResource[parent=DirectoryResource[parent=DirectoryResource[parent=AbstractResource[id='file:/', uk.gov.gchq.palisade.resource.impl.SystemResource@b4088dd0], AbstractResource[id='file:/Users/', uk.gov.gchq.palisade.resource.impl.DirectoryResource@19db381a]], AbstractResource[id='file:/Users/nigel/', uk.gov.gchq.palisade.resource.impl.DirectoryResource@d37ff508]], AbstractResource[id='file:/Users/nigel/development/', uk.gov.gchq.palisade.resource.impl.DirectoryResource@2cab3022]], AbstractResource[id='file:/Users/nigel/development/Palisade-examples/', uk.gov.gchq.palisade.resource.impl.DirectoryResource@e8762126]], AbstractResource[id='file:/Users/nigel/development/Palisade-examples/resources/', uk.gov.gchq.palisade.resource.impl.DirectoryResource@fc2a6640]], AbstractResource[id='file:/Users/nigel/development/Palisade-examples/resources/data/', uk.gov.gchq.palisade.resource.impl.DirectoryResource@e426a205]], attributes={}, AbstractResource[id='file:/Users/nigel/development/Palisade-examples/resources/data/employee_file1.avro', uk.gov.gchq.palisade.resource.impl.FileResource@5ef89393]]], context=Context[contents={purpose=SALARY}], AuditRequest[timestamp=+52428-06-17T18:28:05Z[UTC], serverIp='192.168.1.96', serverHostname='Users-MacBook-Pro.local', Request[id=RequestId[id='825e6a97-eaf8-4c3d-a813-0514dfab1ba6'], originalRequestId=RequestId[id='96be474f-340b-4d6a-98d0-850d8f501af1']]]]
[2m2020-06-16 14:47:50.782[0;39m [32mDEBUG[0;39m [35m73981[0;39m [2m---[0;39m [2m[o-auto-1-exec-7][0;39m [36mu.g.g.p.s.audit.web.AuditController     [0;39m [2m:[0;39m audit result is [java.util.concurrent.CompletableFuture@3b746142[Completed normally], java.util.concurrent.CompletableFuture@4449a9ab[Completed normally], java.util.concurrent.CompletableFuture@345c8934[Completed normally]]
[2m2020-06-16 14:47:50.783[0;39m [32mDEBUG[0;39m [35m73981[0;39m [2m---[0;39m [2m[o-auto-1-exec-7][0;39m [36mu.g.g.p.s.audit.web.AuditController     [0;39m [2m:[0;39m AuditRequest result is true
[2m2020-06-16 14:47:55.224[0;39m [33m WARN[0;39m [35m73981[0;39m [2m---[0;39m [2m[o-auto-1-exec-8][0;39m [36m.w.s.m.s.DefaultHandlerExceptionResolver[0;39m [2m:[0;39m Resolved [org.springframework.http.converter.HttpMessageNotReadableException: JSON parse error: Unrecognized field "bytesTransferred" (class java.lang.Throwable), not marked as ignorable; nested exception is com.fasterxml.jackson.databind.exc.UnrecognizedPropertyException: Unrecognized field "bytesTransferred" (class java.lang.Throwable), not marked as ignorable (2 known properties: "cause", "stackTrace"])
 at [Source: (PushbackInputStream); line: 1, column: 17921] (through reference chain: uk.gov.gchq.palisade.service.audit.request.AuditRequest$RegisterRequestExceptionAuditRequest["exception"]->java.lang.Throwable["bytesTransferred"])]
[2m2020-06-16 14:50:42.725[0;39m [32m INFO[0;39m [35m73981[0;39m [2m---[0;39m [2m[trap-executor-0][0;39m [36mc.n.d.s.r.aws.ConfigClusterResolver     [0;39m [2m:[0;39m Resolving eureka endpoints via configuration
[2m2020-06-16 14:55:42.732[0;39m [32m INFO[0;39m [35m73981[0;39m [2m---[0;39m [2m[trap-executor-0][0;39m [36mc.n.d.s.r.aws.ConfigClusterResolver     [0;39m [2m:[0;39m Resolving eureka endpoints via configuration
[2m2020-06-16 15:00:42.742[0;39m [32m INFO[0;39m [35m73981[0;39m [2m---[0;39m [2m[trap-executor-0][0;39m [36mc.n.d.s.r.aws.ConfigClusterResolver     [0;39m [2m:[0;39m Resolving eureka endpoints via configuration
[2m2020-06-16 15:05:42.751[0;39m [32m INFO[0;39m [35m73981[0;39m [2m---[0;39m [2m[trap-executor-0][0;39m [36mc.n.d.s.r.aws.ConfigClusterResolver     [0;39m [2m:[0;39m Resolving eureka endpoints via configuration
[2m2020-06-16 15:10:42.761[0;39m [32m INFO[0;39m [35m73981[0;39m [2m---[0;39m [2m[trap-executor-0][0;39m [36mc.n.d.s.r.aws.ConfigClusterResolver     [0;39m [2m:[0;39m Resolving eureka endpoints via configuration
[2m2020-06-16 15:15:42.772[0;39m [32m INFO[0;39m [35m73981[0;39m [2m---[0;39m [2m[trap-executor-0][0;39m [36mc.n.d.s.r.aws.ConfigClusterResolver     [0;39m [2m:[0;39m Resolving eureka endpoints via configuration
[2m2020-06-16 15:20:42.780[0;39m [32m INFO[0;39m [35m73981[0;39m [2m---[0;39m [2m[trap-executor-0][0;39m [36mc.n.d.s.r.aws.ConfigClusterResolver     [0;39m [2m:[0;39m Resolving eureka endpoints via configuration
[2m2020-06-16 15:25:42.792[0;39m [32m INFO[0;39m [35m73981[0;39m [2m---[0;39m [2m[trap-executor-0][0;39m [36mc.n.d.s.r.aws.ConfigClusterResolver     [0;39m [2m:[0;39m Resolving eureka endpoints via configuration
[2m2020-06-16 15:30:42.799[0;39m [32m INFO[0;39m [35m73981[0;39m [2m---[0;39m [2m[trap-executor-0][0;39m [36mc.n.d.s.r.aws.ConfigClusterResolver     [0;39m [2m:[0;39m Resolving eureka endpoints via configuration
[2m2020-06-16 15:35:42.813[0;39m [32m INFO[0;39m [35m73981[0;39m [2m---[0;39m [2m[trap-executor-0][0;39m [36mc.n.d.s.r.aws.ConfigClusterResolver     [0;39m [2m:[0;39m Resolving eureka endpoints via configuration
[2m2020-06-16 15:40:42.822[0;39m [32m INFO[0;39m [35m73981[0;39m [2m---[0;39m [2m[trap-executor-0][0;39m [36mc.n.d.s.r.aws.ConfigClusterResolver     [0;39m [2m:[0;39m Resolving eureka endpoints via configuration
[2m2020-06-16 15:45:42.830[0;39m [32m INFO[0;39m [35m73981[0;39m [2m---[0;39m [2m[trap-executor-0][0;39m [36mc.n.d.s.r.aws.ConfigClusterResolver     [0;39m [2m:[0;39m Resolving eureka endpoints via configuration
[2m2020-06-16 15:50:42.839[0;39m [32m INFO[0;39m [35m73981[0;39m [2m---[0;39m [2m[trap-executor-0][0;39m [36mc.n.d.s.r.aws.ConfigClusterResolver     [0;39m [2m:[0;39m Resolving eureka endpoints via configuration
[2m2020-06-16 15:55:42.847[0;39m [32m INFO[0;39m [35m73981[0;39m [2m---[0;39m [2m[trap-executor-0][0;39m [36mc.n.d.s.r.aws.ConfigClusterResolver     [0;39m [2m:[0;39m Resolving eureka endpoints via configuration
[2m2020-06-16 16:00:42.857[0;39m [32m INFO[0;39m [35m73981[0;39m [2m---[0;39m [2m[trap-executor-0][0;39m [36mc.n.d.s.r.aws.ConfigClusterResolver     [0;39m [2m:[0;39m Resolving eureka endpoints via configuration
[2m2020-06-16 16:05:42.872[0;39m [32m INFO[0;39m [35m73981[0;39m [2m---[0;39m [2m[trap-executor-0][0;39m [36mc.n.d.s.r.aws.ConfigClusterResolver     [0;39m [2m:[0;39m Resolving eureka endpoints via configuration
[2m2020-06-16 16:10:42.883[0;39m [32m INFO[0;39m [35m73981[0;39m [2m---[0;39m [2m[trap-executor-0][0;39m [36mc.n.d.s.r.aws.ConfigClusterResolver     [0;39m [2m:[0;39m Resolving eureka endpoints via configuration
[2m2020-06-16 16:15:42.890[0;39m [32m INFO[0;39m [35m73981[0;39m [2m---[0;39m [2m[trap-executor-0][0;39m [36mc.n.d.s.r.aws.ConfigClusterResolver     [0;39m [2m:[0;39m Resolving eureka endpoints via configuration
[2m2020-06-16 16:20:42.900[0;39m [32m INFO[0;39m [35m73981[0;39m [2m---[0;39m [2m[trap-executor-0][0;39m [36mc.n.d.s.r.aws.ConfigClusterResolver     [0;39m [2m:[0;39m Resolving eureka endpoints via configuration
[2m2020-06-16 16:25:42.908[0;39m [32m INFO[0;39m [35m73981[0;39m [2m---[0;39m [2m[trap-executor-0][0;39m [36mc.n.d.s.r.aws.ConfigClusterResolver     [0;39m [2m:[0;39m Resolving eureka endpoints via configuration
[2m2020-06-16 16:30:42.919[0;39m [32m INFO[0;39m [35m73981[0;39m [2m---[0;39m [2m[trap-executor-0][0;39m [36mc.n.d.s.r.aws.ConfigClusterResolver     [0;39m [2m:[0;39m Resolving eureka endpoints via configuration
[2m2020-06-16 16:35:42.929[0;39m [32m INFO[0;39m [35m73981[0;39m [2m---[0;39m [2m[trap-executor-0][0;39m [36mc.n.d.s.r.aws.ConfigClusterResolver     [0;39m [2m:[0;39m Resolving eureka endpoints via configuration
[2m2020-06-16 16:40:42.936[0;39m [32m INFO[0;39m [35m73981[0;39m [2m---[0;39m [2m[trap-executor-0][0;39m [36mc.n.d.s.r.aws.ConfigClusterResolver     [0;39m [2m:[0;39m Resolving eureka endpoints via configuration
[2m2020-06-16 16:45:42.946[0;39m [32m INFO[0;39m [35m73981[0;39m [2m---[0;39m [2m[trap-executor-0][0;39m [36mc.n.d.s.r.aws.ConfigClusterResolver     [0;39m [2m:[0;39m Resolving eureka endpoints via configuration
[2m2020-06-16 16:50:42.957[0;39m [32m INFO[0;39m [35m73981[0;39m [2m---[0;39m [2m[trap-executor-0][0;39m [36mc.n.d.s.r.aws.ConfigClusterResolver     [0;39m [2m:[0;39m Resolving eureka endpoints via configuration
[2m2020-06-16 16:55:42.968[0;39m [32m INFO[0;39m [35m73981[0;39m [2m---[0;39m [2m[trap-executor-0][0;39m [36mc.n.d.s.r.aws.ConfigClusterResolver     [0;39m [2m:[0;39m Resolving eureka endpoints via configuration
