14:45:10.788 [main] DEBUG uk.gov.gchq.palisade.service.resource.ResourceApplication - ResourceApplication started with: []
[34m             -/                         :-           -`            /.          `-                          `.
[34m             ys`                       `ho`       `:-             .d/        ./`                         -/
[34m             -dh:                       /dh-     -//`              sdy.    `:/-                        `:/.
[34m              sdds`                      hdd+  `://-               .ddh/  .///`                       -//:
[34m              -dddh:                     /dddy:////`                oddds////-                      `:///.
[34m               sdddds`                    hdddds//-                 .dddddo//`                     -////:
[34m               .dddddh:                   /dddddh+`                  odddddy:                    `://///.
[34m                oddddddo`                 .hdddddd+                  -ddddddh:                  -//////:
[34m                .dddddddh:               -/odddddddy.              `:/sddddddds`              `:///////.
[34m                 oddddddddo`           `:///hdddddddd+            .////ddddddddh:            -////////:
[34m                 .dddddddddh:         -/////odddddddddy.        `://///sddddddddds`        `://///////.
[34m                  oddddddddddo`     `:///////hdddddddddd+      .////////ddddddddddh:      -//////////:
[34m                  `dddddddddddh:   -/////////+dddddddddddy.  `-/////////sddddddddddds`  `:///////////`
[34m                   +ddddddddddddo.:///////////ydddddddddddd/.////////////hdddddddddddh:-////////////:
[34m                   `dddddddddddddho///////////+dddddddddddddy+///////////odddddddddddddy////////////`
[34m                    +dddddddddddddds//////////`sdddddddddddddds/////////:`hdddddddddddddho/////////-
[34m                    `hddddddddddddddh+///////- -dddddddddddddddy+///////. /dddddddddddddddy////////`
[34m                     /dddddddddddddddh+//////`  sdddddddddddddddh//////:  `hdddddddddddddddy//////-
[34m                     `hdddddddddddddddh/////-   .ddddddddddddddddy/////.   /dddddddddddddddds/////`
[34m                      :ddddddddddddddddy///:     +dddddddddddddddds///:     sddddddddddddddddo///-
[34m                       +ddddddddddddddddy//`     `sddddddddddddddddo/:      `hdddddddddddddddd+/:
[34m                        sdddddddddddddddds.       `yddddddddddddddddo`       .hdddddddddddddddh/
[34m                        :hdddddddddddddddd/       `/hdddddddddddddddh-       `+ddddddddddddddddh`
[34m                       -/+hdddddddddddddddd-      :/+ddddddddddddddddh.     `//oddddddddddddddddy`
[34m                      -///oddddddddddddddddh.    -///oddddddddddddddddy`   `:///sddddddddddddddddo
[34m                     ./////sddddddddddddddddy`  -/////sdddddddddddddddds   ://///ydddddddddddddddd+
[34m                    `///////ydddddddddddddddds`.///////yddddddddddddddddo -//////+hdddddddddddddddd/
[34m                   `/////////yddddddddddddddddo////////+hdddddddddddddddd/////////+ddddddddddddddddd:
[34m                  `://///////+hddddddddddddddh+/////////+dddddddddddddddy//////////oddddddddddddddddh.
[34m                  :///////////+dddddddddddddd+///////////odddddddddddddh////////////sddddddddddddddddy`
[34m                 -/////////////oddddddddddddo/////////////sdddddddddddh+/////////////yddddddddddddddddy`
[34m                -///////////////sddddddddddo///////////////ydddddddddd+///////////////hddddddddddddddddo
[34m               ./////////////////sdddddddds/////////////////yddddddddo/////////////////hdddddddddddddddd+
[34m              `/////////////////-`yddddddy/////////////////..hdddddds/////////////////`:ddddddddddddddddd/
[34m             `/////////////////-  .hddddy/////////////////.  :ddddds/////////////////.  +ddddddddddddddddd:
[34m            `:////////////////:    :dddh+////////////////-    +dddy/////////////////.    sddddddddddddddddh.
[34m            ://///////////////`     /dh+////////////////:      sdh/////////////////-     `yddddddddddddddddy`
[34m           -/////////////////`       oo/////////////////`      `s+////////////////:       .hddddddddddddddddy`
[34m          -/////////////////.        ://///////////////y.      `/////////////////+y`       -dddddddddddddddddo
[34m         ./////////////////-        -/////////////////ydh`     ://///////////////hds`       /ddddddddddddddddd+
[34m        ./////////////////:        ./////////////////sdddy`   -/////////////////ydddo        oddddddddddddddddd/
[34m       `/////////////////:`       ./////////////////odddddo  -/////////////////sddddd/       `sddddddddddddddddd:
[34m      `://///////////////`       `/////////////////+ddddddd+./////////////////oddddddd:       `hddddddddddddddddh.
[34m      ://///////////////.       `:////////////////+hdddddddh/////////////////+ddddddddd-       -dddddddddddddddddh`
[34m     -/////////////////-        ://///////////////ydddddddh+////////////////+hdddddddddh.       :dddddddddddddddddy`
[34m    -/////////////////-        ://///////////////ydddddddd+/////////////////hdddddddddddy`       +ddddddddddddddddds
[34m   ./////////////////:        -/////////////////sddddddddo/////////////////yddddddddddddds`       sddddddddddddddddd+
[34m  .//////////////////`       ./////////////////odddddddds/////////////////sdddddddddddddddo       `yddddddddddddddddd/
[34m `//////////////////`       .//////////////////hddddddds/////////////////+ddddddddddddddddd+       .hddddddddddddddddd:
[34m`://///////////////.       `//////////////////.yddddddy/////////////////:.hddddddddddddddddd:       -dddddddddddddddddh.
[34m://///////////////-        ://///////////////. .hddddh//////////////////` -dddddddddddddddddd.       /dddddddddddddddddh
[34m-////////////////:         :////////////////-   -ddddh/////////////////.   /ddddddddddddddddd.        oddddddddddddddddh
[34m ://////////////:`         `://////////////:     /ddddy+//////////////-     oddddddddddddddh:         `yddddddddddddddy.
[34m  .:////////////`            .:///////////:`      +ddddds+///////////:       sdddddddddddy/`           `yddddddddddhy:
[34m    `.-::///::-`               `.-::///::.         -oyhhhhs/-::///:-.         :shhhhhyo/-               `/shhhhhyo/.

[32m-::////::-`         -::::        `::-          `::-     `-:/++//:-`       .::::`        ::://///:-.`       ::::::::::::-
[32mdddssssyyddy+`     -ddhddo       :dds          -ddy   .sddhsssssyh-      `hdhhdy`       dddyyyyyhddhs:     dddyyyyyyyyy+
[32mddh      `+dds    .hdh`odd/      :dds          -ddy   ydd+               ydd-:dds       ddh       -sddy`   ddd`
[32mddh       `ddd   `ydd.  ydd-     :dds          -ddy   sdds-`            odd/  +dd+      ddh         oddo   ddd`
[32mddh      `+dds   sdd:   `hdh.    :dds          -ddy   `+ydddyyo+:`     /ddo    odd:     ddh         :dds   dddyyyyyyyyy
[32mdddysssyyddy/   +ddy+++++sddy`   :dds          -ddy      `.:/+shddo   -ddd++++++ddd-    ddh         :dds   ddd:--------
[32mddh////:-.`    /ddyssssssssdds   :dds          -ddy            `hdd- .hdhsssssssshdh.   ddh        `ydd:   ddd`
[32mddh           -ddy`        +dd+  :ddy........` -ddy  `/:-..``.-oddh``hdd-        -ddy`  ddd-..`.-:oddh:    ddd-.........
[32mhhy          `yhh.          shh: -hhhhhhhhhhh/ -hhs  `syhhddddhys/` ohh/          /hh+  yhdddddhhys+-      hhhhhhhhhhhhh
[33m :: resource-service ::[36m:: (v0.4.0-SNAPSHOT) ::[31m:: a9f62f8-SNAPSHOT ::[39m
[2m2020-06-16 14:45:23.432[0;39m [32m INFO[0;39m [35m73984[0;39m [2m---[0;39m [2m[           main][0;39m [36mu.g.g.p.s.resource.ResourceApplication  [0;39m [2m:[0;39m The following profiles are active: eureka,h2,eureka-config,example
[2m2020-06-16 14:45:29.364[0;39m [32m INFO[0;39m [35m73984[0;39m [2m---[0;39m [2m[           main][0;39m [36m.s.d.r.c.RepositoryConfigurationDelegate[0;39m [2m:[0;39m Bootstrapping Spring Data repositories in DEFAULT mode.
[2m2020-06-16 14:45:30.915[0;39m [32m INFO[0;39m [35m73984[0;39m [2m---[0;39m [2m[           main][0;39m [36m.s.d.r.c.RepositoryConfigurationDelegate[0;39m [2m:[0;39m Finished Spring Data repository scanning in 1372ms. Found 4 repository interfaces.
[2m2020-06-16 14:45:31.622[0;39m [33m WARN[0;39m [35m73984[0;39m [2m---[0;39m [2m[           main][0;39m [36mo.s.boot.actuate.endpoint.EndpointId    [0;39m [2m:[0;39m Endpoint ID 'service-registry' contains invalid characters, please migrate to a valid format.
[2m2020-06-16 14:45:32.565[0;39m [32m INFO[0;39m [35m73984[0;39m [2m---[0;39m [2m[           main][0;39m [36mo.s.cloud.context.scope.GenericScope    [0;39m [2m:[0;39m BeanFactory id=fcdfb969-4c42-3555-af14-11e01f8df044
[2m2020-06-16 14:45:33.802[0;39m [32m INFO[0;39m [35m73984[0;39m [2m---[0;39m [2m[           main][0;39m [36mtrationDelegate$BeanPostProcessorChecker[0;39m [2m:[0;39m Bean 'applicationConfiguration' of type [uk.gov.gchq.palisade.service.resource.config.ApplicationConfiguration$$EnhancerBySpringCGLIB$$3e5bd2ad] is not eligible for getting processed by all BeanPostProcessors (for example: not eligible for auto-proxying)
[2m2020-06-16 14:45:34.447[0;39m [32m INFO[0;39m [35m73984[0;39m [2m---[0;39m [2m[           main][0;39m [36mtrationDelegate$BeanPostProcessorChecker[0;39m [2m:[0;39m Bean 'org.springframework.transaction.annotation.ProxyTransactionManagementConfiguration' of type [org.springframework.transaction.annotation.ProxyTransactionManagementConfiguration] is not eligible for getting processed by all BeanPostProcessors (for example: not eligible for auto-proxying)
[2m2020-06-16 14:45:36.247[0;39m [32m INFO[0;39m [35m73984[0;39m [2m---[0;39m [2m[           main][0;39m [36mo.s.b.w.embedded.tomcat.TomcatWebServer [0;39m [2m:[0;39m Tomcat initialized with port(s): 0 (http)
[2m2020-06-16 14:45:36.408[0;39m [32m INFO[0;39m [35m73984[0;39m [2m---[0;39m [2m[           main][0;39m [36mo.apache.catalina.core.StandardService  [0;39m [2m:[0;39m Starting service [Tomcat]
[2m2020-06-16 14:45:36.409[0;39m [32m INFO[0;39m [35m73984[0;39m [2m---[0;39m [2m[           main][0;39m [36morg.apache.catalina.core.StandardEngine [0;39m [2m:[0;39m Starting Servlet engine: [Apache Tomcat/9.0.27]
[2m2020-06-16 14:45:36.703[0;39m [32m INFO[0;39m [35m73984[0;39m [2m---[0;39m [2m[           main][0;39m [36mo.a.c.c.C.[Tomcat].[localhost].[/]      [0;39m [2m:[0;39m Initializing Spring embedded WebApplicationContext
[2m2020-06-16 14:45:36.704[0;39m [32m INFO[0;39m [35m73984[0;39m [2m---[0;39m [2m[           main][0;39m [36mo.s.web.context.ContextLoader           [0;39m [2m:[0;39m Root WebApplicationContext: initialization completed in 13035 ms
[2m2020-06-16 14:45:37.196[0;39m [33m WARN[0;39m [35m73984[0;39m [2m---[0;39m [2m[           main][0;39m [36mc.n.c.sources.URLConfigurationSource    [0;39m [2m:[0;39m No URLs will be polled as dynamic configuration sources.
[2m2020-06-16 14:45:37.196[0;39m [32m INFO[0;39m [35m73984[0;39m [2m---[0;39m [2m[           main][0;39m [36mc.n.c.sources.URLConfigurationSource    [0;39m [2m:[0;39m To enable URLs as dynamic configuration sources, define System property archaius.configurationSource.additionalUrls or make config.properties available on classpath.
[2m2020-06-16 14:45:37.238[0;39m [32m INFO[0;39m [35m73984[0;39m [2m---[0;39m [2m[           main][0;39m [36mc.netflix.config.DynamicPropertyFactory [0;39m [2m:[0;39m DynamicPropertyFactory is initialized with configuration sources: com.netflix.config.ConcurrentCompositeConfiguration@58faa93b
[2m2020-06-16 14:45:40.083[0;39m [32m INFO[0;39m [35m73984[0;39m [2m---[0;39m [2m[           main][0;39m [36mo.hibernate.jpa.internal.util.LogHelper [0;39m [2m:[0;39m HHH000204: Processing PersistenceUnitInfo [name: default]
[2m2020-06-16 14:45:40.578[0;39m [32m INFO[0;39m [35m73984[0;39m [2m---[0;39m [2m[           main][0;39m [36morg.hibernate.Version                   [0;39m [2m:[0;39m HHH000412: Hibernate Core {5.4.6.Final}
[2m2020-06-16 14:45:41.594[0;39m [32m INFO[0;39m [35m73984[0;39m [2m---[0;39m [2m[           main][0;39m [36mo.hibernate.annotations.common.Version  [0;39m [2m:[0;39m HCANN000001: Hibernate Commons Annotations {5.1.0.Final}
[2m2020-06-16 14:45:42.217[0;39m [32m INFO[0;39m [35m73984[0;39m [2m---[0;39m [2m[           main][0;39m [36mcom.zaxxer.hikari.HikariDataSource      [0;39m [2m:[0;39m HikariPool-1 - Starting...
[2m2020-06-16 14:45:43.123[0;39m [32m INFO[0;39m [35m73984[0;39m [2m---[0;39m [2m[           main][0;39m [36mcom.zaxxer.hikari.HikariDataSource      [0;39m [2m:[0;39m HikariPool-1 - Start completed.
[2m2020-06-16 14:45:43.228[0;39m [32m INFO[0;39m [35m73984[0;39m [2m---[0;39m [2m[           main][0;39m [36morg.hibernate.dialect.Dialect           [0;39m [2m:[0;39m HHH000400: Using dialect: org.hibernate.dialect.H2Dialect
[2m2020-06-16 14:45:44.444[0;39m [33m WARN[0;39m [35m73984[0;39m [2m---[0;39m [2m[           main][0;39m [36mo.h.t.d.java.JavaTypeDescriptorRegistry [0;39m [2m:[0;39m HHH000481: Encountered Java type [interface uk.gov.gchq.palisade.resource.Resource] for which we could not locate a JavaTypeDescriptor and which does not appear to implement equals and/or hashCode.  This can lead to significant performance problems when performing equality/dirty checking involving this Java type.  Consider registering a custom JavaTypeDescriptor or at least implementing equals/hashCode.
[2m2020-06-16 14:45:46.899[0;39m [32m INFO[0;39m [35m73984[0;39m [2m---[0;39m [2m[           main][0;39m [36mo.h.e.t.j.p.i.JtaPlatformInitiator      [0;39m [2m:[0;39m HHH000490: Using JtaPlatform implementation: [org.hibernate.engine.transaction.jta.platform.internal.NoJtaPlatform]
[2m2020-06-16 14:45:46.962[0;39m [32m INFO[0;39m [35m73984[0;39m [2m---[0;39m [2m[           main][0;39m [36mj.LocalContainerEntityManagerFactoryBean[0;39m [2m:[0;39m Initialized JPA EntityManagerFactory for persistence unit 'default'
[2m2020-06-16 14:45:49.095[0;39m [32m INFO[0;39m [35m73984[0;39m [2m---[0;39m [2m[           main][0;39m [36mu.g.g.p.s.r.c.ApplicationConfiguration  [0;39m [2m:[0;39m Starting ThreadPoolTaskExecutor with core = [6] max = [2147483647]
[2m2020-06-16 14:45:49.096[0;39m [32m INFO[0;39m [35m73984[0;39m [2m---[0;39m [2m[           main][0;39m [36mo.s.s.concurrent.ThreadPoolTaskExecutor [0;39m [2m:[0;39m Initializing ExecutorService 'threadPoolTaskExecutor'
[2m2020-06-16 14:45:49.135[0;39m [33m WARN[0;39m [35m73984[0;39m [2m---[0;39m [2m[           main][0;39m [36mc.n.c.sources.URLConfigurationSource    [0;39m [2m:[0;39m No URLs will be polled as dynamic configuration sources.
[2m2020-06-16 14:45:49.135[0;39m [32m INFO[0;39m [35m73984[0;39m [2m---[0;39m [2m[           main][0;39m [36mc.n.c.sources.URLConfigurationSource    [0;39m [2m:[0;39m To enable URLs as dynamic configuration sources, define System property archaius.configurationSource.additionalUrls or make config.properties available on classpath.
[2m2020-06-16 14:45:49.322[0;39m [33m WARN[0;39m [35m73984[0;39m [2m---[0;39m [2m[           main][0;39m [36mJpaBaseConfiguration$JpaWebConfiguration[0;39m [2m:[0;39m spring.jpa.open-in-view is enabled by default. Therefore, database queries may be performed during view rendering. Explicitly configure spring.jpa.open-in-view to disable this warning
[2m2020-06-16 14:45:50.581[0;39m [32m INFO[0;39m [35m73984[0;39m [2m---[0;39m [2m[           main][0;39m [36mo.s.s.c.ThreadPoolTaskScheduler         [0;39m [2m:[0;39m Initializing ExecutorService 'taskScheduler'
[2m2020-06-16 14:45:50.715[0;39m [33m WARN[0;39m [35m73984[0;39m [2m---[0;39m [2m[           main][0;39m [36mockingLoadBalancerClientRibbonWarnLogger[0;39m [2m:[0;39m You already have RibbonLoadBalancerClient on your classpath. It will be used by default. As Spring Cloud Ribbon is in maintenance mode. We recommend switching to BlockingLoadBalancerClient instead. In order to use it, set the value of `spring.cloud.loadbalancer.ribbon.enabled` to `false` or remove spring-cloud-starter-netflix-ribbon from your project.
[2m2020-06-16 14:45:50.860[0;39m [32m INFO[0;39m [35m73984[0;39m [2m---[0;39m [2m[           main][0;39m [36mo.s.b.a.e.web.EndpointLinksResolver     [0;39m [2m:[0;39m Exposing 18 endpoint(s) beneath base path '/actuator'
[2m2020-06-16 14:45:51.082[0;39m [32m INFO[0;39m [35m73984[0;39m [2m---[0;39m [2m[           main][0;39m [36mo.s.b.w.embedded.tomcat.TomcatWebServer [0;39m [2m:[0;39m Tomcat started on port(s): 61763 (http) with context path ''
[2m2020-06-16 14:45:51.083[0;39m [32m INFO[0;39m [35m73984[0;39m [2m---[0;39m [2m[           main][0;39m [36m.s.c.n.e.s.EurekaAutoServiceRegistration[0;39m [2m:[0;39m Updating port to 61763
[2m2020-06-16 14:45:51.095[0;39m [32m INFO[0;39m [35m73984[0;39m [2m---[0;39m [2m[           main][0;39m [36mo.s.c.n.eureka.InstanceInfoFactory      [0;39m [2m:[0;39m Setting initial instance status as: STARTING
[2m2020-06-16 14:45:51.294[0;39m [32m INFO[0;39m [35m73984[0;39m [2m---[0;39m [2m[           main][0;39m [36mcom.netflix.discovery.DiscoveryClient   [0;39m [2m:[0;39m Initializing Eureka in region us-east-1
[2m2020-06-16 14:45:51.768[0;39m [32m INFO[0;39m [35m73984[0;39m [2m---[0;39m [2m[           main][0;39m [36mc.n.d.provider.DiscoveryJerseyProvider  [0;39m [2m:[0;39m Using JSON encoding codec LegacyJacksonJson
[2m2020-06-16 14:45:51.768[0;39m [32m INFO[0;39m [35m73984[0;39m [2m---[0;39m [2m[           main][0;39m [36mc.n.d.provider.DiscoveryJerseyProvider  [0;39m [2m:[0;39m Using JSON decoding codec LegacyJacksonJson
[2m2020-06-16 14:45:52.194[0;39m [32m INFO[0;39m [35m73984[0;39m [2m---[0;39m [2m[           main][0;39m [36mc.n.d.provider.DiscoveryJerseyProvider  [0;39m [2m:[0;39m Using XML encoding codec XStreamXml
[2m2020-06-16 14:45:52.194[0;39m [32m INFO[0;39m [35m73984[0;39m [2m---[0;39m [2m[           main][0;39m [36mc.n.d.provider.DiscoveryJerseyProvider  [0;39m [2m:[0;39m Using XML decoding codec XStreamXml
[2m2020-06-16 14:45:52.662[0;39m [32m INFO[0;39m [35m73984[0;39m [2m---[0;39m [2m[           main][0;39m [36mc.n.d.s.r.aws.ConfigClusterResolver     [0;39m [2m:[0;39m Resolving eureka endpoints via configuration
[2m2020-06-16 14:45:52.713[0;39m [32m INFO[0;39m [35m73984[0;39m [2m---[0;39m [2m[           main][0;39m [36mcom.netflix.discovery.DiscoveryClient   [0;39m [2m:[0;39m Disable delta property : false
[2m2020-06-16 14:45:52.713[0;39m [32m INFO[0;39m [35m73984[0;39m [2m---[0;39m [2m[           main][0;39m [36mcom.netflix.discovery.DiscoveryClient   [0;39m [2m:[0;39m Single vip registry refresh property : null
[2m2020-06-16 14:45:52.713[0;39m [32m INFO[0;39m [35m73984[0;39m [2m---[0;39m [2m[           main][0;39m [36mcom.netflix.discovery.DiscoveryClient   [0;39m [2m:[0;39m Force full registry fetch : false
[2m2020-06-16 14:45:52.713[0;39m [32m INFO[0;39m [35m73984[0;39m [2m---[0;39m [2m[           main][0;39m [36mcom.netflix.discovery.DiscoveryClient   [0;39m [2m:[0;39m Application is null : false
[2m2020-06-16 14:45:52.713[0;39m [32m INFO[0;39m [35m73984[0;39m [2m---[0;39m [2m[           main][0;39m [36mcom.netflix.discovery.DiscoveryClient   [0;39m [2m:[0;39m Registered Applications size is zero : true
[2m2020-06-16 14:45:52.713[0;39m [32m INFO[0;39m [35m73984[0;39m [2m---[0;39m [2m[           main][0;39m [36mcom.netflix.discovery.DiscoveryClient   [0;39m [2m:[0;39m Application version is -1: true
[2m2020-06-16 14:45:52.713[0;39m [32m INFO[0;39m [35m73984[0;39m [2m---[0;39m [2m[           main][0;39m [36mcom.netflix.discovery.DiscoveryClient   [0;39m [2m:[0;39m Getting all instance registry info from the eureka server
[2m2020-06-16 14:45:53.151[0;39m [32m INFO[0;39m [35m73984[0;39m [2m---[0;39m [2m[           main][0;39m [36mcom.netflix.discovery.DiscoveryClient   [0;39m [2m:[0;39m The response status is 200
[2m2020-06-16 14:45:53.155[0;39m [32m INFO[0;39m [35m73984[0;39m [2m---[0;39m [2m[           main][0;39m [36mcom.netflix.discovery.DiscoveryClient   [0;39m [2m:[0;39m Starting heartbeat executor: renew interval is: 5
[2m2020-06-16 14:45:53.162[0;39m [32m INFO[0;39m [35m73984[0;39m [2m---[0;39m [2m[           main][0;39m [36mc.n.discovery.InstanceInfoReplicator    [0;39m [2m:[0;39m InstanceInfoReplicator onDemand update allowed rate per min is 4
[2m2020-06-16 14:45:53.167[0;39m [32m INFO[0;39m [35m73984[0;39m [2m---[0;39m [2m[           main][0;39m [36mcom.netflix.discovery.DiscoveryClient   [0;39m [2m:[0;39m Discovery Client initialized at timestamp 1592315153166 with initial instances count: 6
[2m2020-06-16 14:45:53.175[0;39m [32m INFO[0;39m [35m73984[0;39m [2m---[0;39m [2m[           main][0;39m [36mo.s.c.n.e.s.EurekaServiceRegistry       [0;39m [2m:[0;39m Registering application RESOURCE-SERVICE with eureka with status UP
[2m2020-06-16 14:45:53.176[0;39m [32m INFO[0;39m [35m73984[0;39m [2m---[0;39m [2m[           main][0;39m [36mcom.netflix.discovery.DiscoveryClient   [0;39m [2m:[0;39m Saw local status change event StatusChangeEvent [timestamp=1592315153176, current=UP, previous=STARTING]
[2m2020-06-16 14:45:53.180[0;39m [32m INFO[0;39m [35m73984[0;39m [2m---[0;39m [2m[nfoReplicator-0][0;39m [36mcom.netflix.discovery.DiscoveryClient   [0;39m [2m:[0;39m DiscoveryClient_RESOURCE-SERVICE/192.168.1.96:resource-service:0: registering service...
[2m2020-06-16 14:45:53.189[0;39m [32m INFO[0;39m [35m73984[0;39m [2m---[0;39m [2m[           main][0;39m [36mu.g.g.p.s.resource.ResourceApplication  [0;39m [2m:[0;39m Started ResourceApplication in 41.495 seconds (JVM running for 46.165)
[2m2020-06-16 14:45:53.217[0;39m [32m INFO[0;39m [35m73984[0;39m [2m---[0;39m [2m[           main][0;39m [36m.g.p.s.r.s.StreamingResourceServiceProxy[0;39m [2m:[0;39m Prepopulating using resource builder: uk.gov.gchq.palisade.service.resource.config.ApplicationConfiguration$$Lambda$927/0x0000000800967c40@19a20bb2
[2m2020-06-16 14:45:53.221[0;39m [32m INFO[0;39m [35m73984[0;39m [2m---[0;39m [2m[nfoReplicator-0][0;39m [36mcom.netflix.discovery.DiscoveryClient   [0;39m [2m:[0;39m DiscoveryClient_RESOURCE-SERVICE/192.168.1.96:resource-service:0 - registration status: 204
[2m2020-06-16 14:45:53.246[0;39m [32mDEBUG[0;39m [35m73984[0;39m [2m---[0;39m [2m[           main][0;39m [36m.g.p.s.r.s.StreamingResourceServiceProxy[0;39m [2m:[0;39m DirectoryResource[parent=DirectoryResource[parent=DirectoryResource[parent=DirectoryResource[parent=DirectoryResource[parent=AbstractResource[id='file:/', uk.gov.gchq.palisade.resource.impl.SystemResource@b4088dd0], AbstractResource[id='file:/Users/', uk.gov.gchq.palisade.resource.impl.DirectoryResource@19db381a]], AbstractResource[id='file:/Users/nigel/', uk.gov.gchq.palisade.resource.impl.DirectoryResource@d37ff508]], AbstractResource[id='file:/Users/nigel/development/', uk.gov.gchq.palisade.resource.impl.DirectoryResource@2cab3022]], AbstractResource[id='file:/Users/nigel/development/Palisade-examples/', uk.gov.gchq.palisade.resource.impl.DirectoryResource@e8762126]], AbstractResource[id='file:/Users/nigel/development/Palisade-examples/resources/', uk.gov.gchq.palisade.resource.impl.DirectoryResource@fc2a6640]]=AbstractLeafResource[type='uk.gov.gchq.palisade.example.hrdatagenerator.types.Employee', serialisedFormat='avro', connectionDetail=SimpleConnectionDetail[serviceName='data-service', uk.gov.gchq.palisade.service.SimpleConnectionDetail@41a4fb1], parent=DirectoryResource[parent=DirectoryResource[parent=DirectoryResource[parent=DirectoryResource[parent=DirectoryResource[parent=DirectoryResource[parent=AbstractResource[id='file:/', uk.gov.gchq.palisade.resource.impl.SystemResource@b4088dd0], AbstractResource[id='file:/Users/', uk.gov.gchq.palisade.resource.impl.DirectoryResource@19db381a]], AbstractResource[id='file:/Users/nigel/', uk.gov.gchq.palisade.resource.impl.DirectoryResource@d37ff508]], AbstractResource[id='file:/Users/nigel/development/', uk.gov.gchq.palisade.resource.impl.DirectoryResource@2cab3022]], AbstractResource[id='file:/Users/nigel/development/Palisade-examples/', uk.gov.gchq.palisade.resource.impl.DirectoryResource@e8762126]], AbstractResource[id='file:/Users/nigel/development/Palisade-examples/resources/', uk.gov.gchq.palisade.resource.impl.DirectoryResource@fc2a6640]], AbstractResource[id='file:/Users/nigel/development/Palisade-examples/resources/data/', uk.gov.gchq.palisade.resource.impl.DirectoryResource@e426a205]], attributes={}, AbstractResource[id='file:/Users/nigel/development/Palisade-examples/resources/data/employee_file0.avro', uk.gov.gchq.palisade.resource.impl.FileResource@ca13e0d2]]
[2m2020-06-16 14:45:53.247[0;39m [32mDEBUG[0;39m [35m73984[0;39m [2m---[0;39m [2m[           main][0;39m [36mu.g.g.p.s.r.r.JpaPersistenceLayer       [0;39m [2m:[0;39m Persistence add for resources by id 'file:/Users/nigel/development/Palisade-examples/resources/'
[2m2020-06-16 14:45:53.399[0;39m [32mDEBUG[0;39m [35m73984[0;39m [2m---[0;39m [2m[           main][0;39m [36mu.g.g.p.s.r.r.JpaPersistenceLayer       [0;39m [2m:[0;39m Persistence add for resources by type 'uk.gov.gchq.palisade.example.hrdatagenerator.types.Employee'
[2m2020-06-16 14:45:53.404[0;39m [32mDEBUG[0;39m [35m73984[0;39m [2m---[0;39m [2m[           main][0;39m [36mu.g.g.p.s.r.r.JpaPersistenceLayer       [0;39m [2m:[0;39m Persistence add for resources by serialisedFormat 'avro'
[2m2020-06-16 14:45:53.413[0;39m [32mDEBUG[0;39m [35m73984[0;39m [2m---[0;39m [2m[           main][0;39m [36mu.g.g.p.s.r.r.JpaPersistenceLayer       [0;39m [2m:[0;39m Putting resource and parents up-to 'file:/Users/nigel/development/Palisade-examples/resources/' for resource 'file:/Users/nigel/development/Palisade-examples/resources/data/employee_file0.avro'
[2m2020-06-16 14:45:53.802[0;39m [32mDEBUG[0;39m [35m73984[0;39m [2m---[0;39m [2m[           main][0;39m [36mu.g.g.p.s.r.r.JpaPersistenceLayer       [0;39m [2m:[0;39m Resource file:/Users/nigel/development/Palisade-examples/resources/data/employee_file0.avro is not complete
[2m2020-06-16 14:45:53.819[0;39m [32mDEBUG[0;39m [35m73984[0;39m [2m---[0;39m [2m[           main][0;39m [36mu.g.g.p.s.r.r.JpaPersistenceLayer       [0;39m [2m:[0;39m Resource file:/Users/nigel/development/Palisade-examples/resources/data/employee_file0.avro is not persisted
[2m2020-06-16 14:45:53.819[0;39m [32mDEBUG[0;39m [35m73984[0;39m [2m---[0;39m [2m[           main][0;39m [36mu.g.g.p.s.r.r.JpaPersistenceLayer       [0;39m [2m:[0;39m Persistence save for incomplete resource entity 'file:/Users/nigel/development/Palisade-examples/resources/data/employee_file0.avro' with parent 'file:/Users/nigel/development/Palisade-examples/resources/data/'
[2m2020-06-16 14:45:53.869[0;39m [32mDEBUG[0;39m [35m73984[0;39m [2m---[0;39m [2m[           main][0;39m [36mu.g.g.p.s.r.r.JpaPersistenceLayer       [0;39m [2m:[0;39m Looking for root 'file:/Users/nigel/development/Palisade-examples/resources/'
[2m2020-06-16 14:45:53.869[0;39m [32mDEBUG[0;39m [35m73984[0;39m [2m---[0;39m [2m[           main][0;39m [36mu.g.g.p.s.r.r.JpaPersistenceLayer       [0;39m [2m:[0;39m Recurse traverse, child is file:/Users/nigel/development/Palisade-examples/resources/data/employee_file0.avro and parent is file:/Users/nigel/development/Palisade-examples/resources/data/
[2m2020-06-16 14:45:53.871[0;39m [32mDEBUG[0;39m [35m73984[0;39m [2m---[0;39m [2m[           main][0;39m [36mu.g.g.p.s.r.r.JpaPersistenceLayer       [0;39m [2m:[0;39m Resource file:/Users/nigel/development/Palisade-examples/resources/data/ is not complete
[2m2020-06-16 14:45:53.875[0;39m [32mDEBUG[0;39m [35m73984[0;39m [2m---[0;39m [2m[           main][0;39m [36mu.g.g.p.s.r.r.JpaPersistenceLayer       [0;39m [2m:[0;39m Resource file:/Users/nigel/development/Palisade-examples/resources/data/ is not persisted
[2m2020-06-16 14:45:53.876[0;39m [32mDEBUG[0;39m [35m73984[0;39m [2m---[0;39m [2m[           main][0;39m [36mu.g.g.p.s.r.r.JpaPersistenceLayer       [0;39m [2m:[0;39m Persistence save for incomplete resource entity 'file:/Users/nigel/development/Palisade-examples/resources/data/' with parent 'file:/Users/nigel/development/Palisade-examples/resources/'
[2m2020-06-16 14:45:53.881[0;39m [32mDEBUG[0;39m [35m73984[0;39m [2m---[0;39m [2m[           main][0;39m [36mu.g.g.p.s.r.r.JpaPersistenceLayer       [0;39m [2m:[0;39m Looking for root 'file:/Users/nigel/development/Palisade-examples/resources/'
[2m2020-06-16 14:45:53.881[0;39m [32mDEBUG[0;39m [35m73984[0;39m [2m---[0;39m [2m[           main][0;39m [36mu.g.g.p.s.r.r.JpaPersistenceLayer       [0;39m [2m:[0;39m Stop traverse, parent is root 'file:/Users/nigel/development/Palisade-examples/resources/'
[2m2020-06-16 14:45:53.885[0;39m [32mDEBUG[0;39m [35m73984[0;39m [2m---[0;39m [2m[           main][0;39m [36mu.g.g.p.s.r.r.JpaPersistenceLayer       [0;39m [2m:[0;39m Resource file:/Users/nigel/development/Palisade-examples/resources/ is complete
[2m2020-06-16 14:45:53.886[0;39m [32mDEBUG[0;39m [35m73984[0;39m [2m---[0;39m [2m[           main][0;39m [36mu.g.g.p.s.r.r.JpaPersistenceLayer       [0;39m [2m:[0;39m Resource file:/Users/nigel/development/Palisade-examples/resources/ is not persisted
[2m2020-06-16 14:45:53.887[0;39m [32mDEBUG[0;39m [35m73984[0;39m [2m---[0;39m [2m[           main][0;39m [36mu.g.g.p.s.r.r.JpaPersistenceLayer       [0;39m [2m:[0;39m Persistence save for incomplete resource entity 'file:/Users/nigel/development/Palisade-examples/resources/' with parent 'file:/Users/nigel/development/Palisade-examples/'
[2m2020-06-16 14:45:53.891[0;39m [32mDEBUG[0;39m [35m73984[0;39m [2m---[0;39m [2m[           main][0;39m [36mu.g.g.p.s.r.r.JpaPersistenceLayer       [0;39m [2m:[0;39m Resource file:/Users/nigel/development/Palisade-examples/ is not persisted
[2m2020-06-16 14:45:53.893[0;39m [32mDEBUG[0;39m [35m73984[0;39m [2m---[0;39m [2m[           main][0;39m [36mu.g.g.p.s.r.r.JpaPersistenceLayer       [0;39m [2m:[0;39m Resource file:/Users/nigel/development/Palisade-examples/ is not persisted
[2m2020-06-16 14:45:53.893[0;39m [32mDEBUG[0;39m [35m73984[0;39m [2m---[0;39m [2m[           main][0;39m [36mu.g.g.p.s.r.r.JpaPersistenceLayer       [0;39m [2m:[0;39m Persistence save for incomplete resource entity 'file:/Users/nigel/development/Palisade-examples/' with parent 'file:/Users/nigel/development/'
[2m2020-06-16 14:45:53.897[0;39m [32mDEBUG[0;39m [35m73984[0;39m [2m---[0;39m [2m[           main][0;39m [36mu.g.g.p.s.r.r.JpaPersistenceLayer       [0;39m [2m:[0;39m Resource file:/Users/nigel/development/ is not persisted
[2m2020-06-16 14:45:53.898[0;39m [32mDEBUG[0;39m [35m73984[0;39m [2m---[0;39m [2m[           main][0;39m [36mu.g.g.p.s.r.r.JpaPersistenceLayer       [0;39m [2m:[0;39m Resource file:/Users/nigel/development/ is not persisted
[2m2020-06-16 14:45:53.898[0;39m [32mDEBUG[0;39m [35m73984[0;39m [2m---[0;39m [2m[           main][0;39m [36mu.g.g.p.s.r.r.JpaPersistenceLayer       [0;39m [2m:[0;39m Persistence save for incomplete resource entity 'file:/Users/nigel/development/' with parent 'file:/Users/nigel/'
[2m2020-06-16 14:45:53.901[0;39m [32mDEBUG[0;39m [35m73984[0;39m [2m---[0;39m [2m[           main][0;39m [36mu.g.g.p.s.r.r.JpaPersistenceLayer       [0;39m [2m:[0;39m Resource file:/Users/nigel/ is not persisted
[2m2020-06-16 14:45:53.902[0;39m [32mDEBUG[0;39m [35m73984[0;39m [2m---[0;39m [2m[           main][0;39m [36mu.g.g.p.s.r.r.JpaPersistenceLayer       [0;39m [2m:[0;39m Resource file:/Users/nigel/ is not persisted
[2m2020-06-16 14:45:53.902[0;39m [32mDEBUG[0;39m [35m73984[0;39m [2m---[0;39m [2m[           main][0;39m [36mu.g.g.p.s.r.r.JpaPersistenceLayer       [0;39m [2m:[0;39m Persistence save for incomplete resource entity 'file:/Users/nigel/' with parent 'file:/Users/'
[2m2020-06-16 14:45:53.905[0;39m [32mDEBUG[0;39m [35m73984[0;39m [2m---[0;39m [2m[           main][0;39m [36mu.g.g.p.s.r.r.JpaPersistenceLayer       [0;39m [2m:[0;39m Resource file:/Users/ is not persisted
[2m2020-06-16 14:45:53.906[0;39m [32mDEBUG[0;39m [35m73984[0;39m [2m---[0;39m [2m[           main][0;39m [36mu.g.g.p.s.r.r.JpaPersistenceLayer       [0;39m [2m:[0;39m Resource file:/Users/ is not persisted
[2m2020-06-16 14:45:53.906[0;39m [32mDEBUG[0;39m [35m73984[0;39m [2m---[0;39m [2m[           main][0;39m [36mu.g.g.p.s.r.r.JpaPersistenceLayer       [0;39m [2m:[0;39m Persistence save for incomplete resource entity 'file:/Users/' with parent 'file:/'
[2m2020-06-16 14:45:53.910[0;39m [32mDEBUG[0;39m [35m73984[0;39m [2m---[0;39m [2m[           main][0;39m [36mu.g.g.p.s.r.r.JpaPersistenceLayer       [0;39m [2m:[0;39m Resource file:/ is not persisted
[2m2020-06-16 14:45:53.911[0;39m [32mDEBUG[0;39m [35m73984[0;39m [2m---[0;39m [2m[           main][0;39m [36mu.g.g.p.s.r.r.JpaPersistenceLayer       [0;39m [2m:[0;39m Resource file:/ is not persisted
[2m2020-06-16 14:45:53.912[0;39m [32mDEBUG[0;39m [35m73984[0;39m [2m---[0;39m [2m[           main][0;39m [36mu.g.g.p.s.r.r.JpaPersistenceLayer       [0;39m [2m:[0;39m Persistence save for incomplete resource entity 'file:/' with parent 'null'
[2m2020-06-16 14:45:53.918[0;39m [32mDEBUG[0;39m [35m73984[0;39m [2m---[0;39m [2m[           main][0;39m [36mu.g.g.p.s.r.r.JpaPersistenceLayer       [0;39m [2m:[0;39m Resource file:/Users/nigel/development/Palisade-examples/resources/data/employee_file0.avro is complete
[2m2020-06-16 14:45:53.929[0;39m [32mDEBUG[0;39m [35m73984[0;39m [2m---[0;39m [2m[           main][0;39m [36mu.g.g.p.s.r.r.JpaPersistenceLayer       [0;39m [2m:[0;39m Resource file:/Users/nigel/development/Palisade-examples/resources/data/employee_file0.avro is persisted
[2m2020-06-16 14:45:53.931[0;39m [32mDEBUG[0;39m [35m73984[0;39m [2m---[0;39m [2m[           main][0;39m [36mu.g.g.p.s.r.r.JpaPersistenceLayer       [0;39m [2m:[0;39m Resource file:/Users/nigel/development/Palisade-examples/resources/data/ is persisted
[2m2020-06-16 14:45:53.933[0;39m [32mDEBUG[0;39m [35m73984[0;39m [2m---[0;39m [2m[           main][0;39m [36mu.g.g.p.s.r.r.JpaPersistenceLayer       [0;39m [2m:[0;39m Resource file:/Users/nigel/development/Palisade-examples/resources/data/ is persisted
[2m2020-06-16 14:45:53.933[0;39m [32mDEBUG[0;39m [35m73984[0;39m [2m---[0;39m [2m[           main][0;39m [36mu.g.g.p.s.r.r.JpaPersistenceLayer       [0;39m [2m:[0;39m Persistence save for type entity 'file:/Users/nigel/development/Palisade-examples/resources/data/employee_file0.avro' with type 'uk.gov.gchq.palisade.example.hrdatagenerator.types.Employee'
[2m2020-06-16 14:45:53.942[0;39m [32mDEBUG[0;39m [35m73984[0;39m [2m---[0;39m [2m[           main][0;39m [36mu.g.g.p.s.r.r.JpaPersistenceLayer       [0;39m [2m:[0;39m Resource file:/Users/nigel/development/Palisade-examples/resources/data/employee_file0.avro is complete
[2m2020-06-16 14:45:53.944[0;39m [32mDEBUG[0;39m [35m73984[0;39m [2m---[0;39m [2m[           main][0;39m [36mu.g.g.p.s.r.r.JpaPersistenceLayer       [0;39m [2m:[0;39m Resource file:/Users/nigel/development/Palisade-examples/resources/data/employee_file0.avro is persisted
[2m2020-06-16 14:45:53.946[0;39m [32mDEBUG[0;39m [35m73984[0;39m [2m---[0;39m [2m[           main][0;39m [36mu.g.g.p.s.r.r.JpaPersistenceLayer       [0;39m [2m:[0;39m Resource file:/Users/nigel/development/Palisade-examples/resources/data/ is persisted
[2m2020-06-16 14:45:53.948[0;39m [32mDEBUG[0;39m [35m73984[0;39m [2m---[0;39m [2m[           main][0;39m [36mu.g.g.p.s.r.r.JpaPersistenceLayer       [0;39m [2m:[0;39m Resource file:/Users/nigel/development/Palisade-examples/resources/data/ is persisted
[2m2020-06-16 14:45:53.948[0;39m [32mDEBUG[0;39m [35m73984[0;39m [2m---[0;39m [2m[           main][0;39m [36mu.g.g.p.s.r.r.JpaPersistenceLayer       [0;39m [2m:[0;39m Persistence save for serialised format entity 'file:/Users/nigel/development/Palisade-examples/resources/data/employee_file0.avro' with serialised format 'avro'
[2m2020-06-16 14:45:53.955[0;39m [32mDEBUG[0;39m [35m73984[0;39m [2m---[0;39m [2m[           main][0;39m [36m.g.p.s.r.s.StreamingResourceServiceProxy[0;39m [2m:[0;39m DirectoryResource[parent=DirectoryResource[parent=DirectoryResource[parent=DirectoryResource[parent=DirectoryResource[parent=AbstractResource[id='file:/', uk.gov.gchq.palisade.resource.impl.SystemResource@b4088dd0], AbstractResource[id='file:/Users/', uk.gov.gchq.palisade.resource.impl.DirectoryResource@19db381a]], AbstractResource[id='file:/Users/nigel/', uk.gov.gchq.palisade.resource.impl.DirectoryResource@d37ff508]], AbstractResource[id='file:/Users/nigel/development/', uk.gov.gchq.palisade.resource.impl.DirectoryResource@2cab3022]], AbstractResource[id='file:/Users/nigel/development/Palisade-examples/', uk.gov.gchq.palisade.resource.impl.DirectoryResource@e8762126]], AbstractResource[id='file:/Users/nigel/development/Palisade-examples/resources/', uk.gov.gchq.palisade.resource.impl.DirectoryResource@fc2a6640]]=AbstractLeafResource[type='uk.gov.gchq.palisade.example.hrdatagenerator.types.Employee', serialisedFormat='avro', connectionDetail=SimpleConnectionDetail[serviceName='data-service', uk.gov.gchq.palisade.service.SimpleConnectionDetail@41a4fb1], parent=DirectoryResource[parent=DirectoryResource[parent=DirectoryResource[parent=DirectoryResource[parent=DirectoryResource[parent=DirectoryResource[parent=AbstractResource[id='file:/', uk.gov.gchq.palisade.resource.impl.SystemResource@b4088dd0], AbstractResource[id='file:/Users/', uk.gov.gchq.palisade.resource.impl.DirectoryResource@19db381a]], AbstractResource[id='file:/Users/nigel/', uk.gov.gchq.palisade.resource.impl.DirectoryResource@d37ff508]], AbstractResource[id='file:/Users/nigel/development/', uk.gov.gchq.palisade.resource.impl.DirectoryResource@2cab3022]], AbstractResource[id='file:/Users/nigel/development/Palisade-examples/', uk.gov.gchq.palisade.resource.impl.DirectoryResource@e8762126]], AbstractResource[id='file:/Users/nigel/development/Palisade-examples/resources/', uk.gov.gchq.palisade.resource.impl.DirectoryResource@fc2a6640]], AbstractResource[id='file:/Users/nigel/development/Palisade-examples/resources/data/', uk.gov.gchq.palisade.resource.impl.DirectoryResource@e426a205]], attributes={}, AbstractResource[id='file:/Users/nigel/development/Palisade-examples/resources/data/employee_file1.avro', uk.gov.gchq.palisade.resource.impl.FileResource@5ef89393]]
[2m2020-06-16 14:45:53.955[0;39m [32mDEBUG[0;39m [35m73984[0;39m [2m---[0;39m [2m[           main][0;39m [36mu.g.g.p.s.r.r.JpaPersistenceLayer       [0;39m [2m:[0;39m Persistence add for resources by id 'file:/Users/nigel/development/Palisade-examples/resources/'
[2m2020-06-16 14:45:53.959[0;39m [32mDEBUG[0;39m [35m73984[0;39m [2m---[0;39m [2m[           main][0;39m [36mu.g.g.p.s.r.r.JpaPersistenceLayer       [0;39m [2m:[0;39m Persistence add for resources by type 'uk.gov.gchq.palisade.example.hrdatagenerator.types.Employee'
[2m2020-06-16 14:45:53.961[0;39m [32mDEBUG[0;39m [35m73984[0;39m [2m---[0;39m [2m[           main][0;39m [36mu.g.g.p.s.r.r.JpaPersistenceLayer       [0;39m [2m:[0;39m Persistence add for resources by serialisedFormat 'avro'
[2m2020-06-16 14:45:53.963[0;39m [32mDEBUG[0;39m [35m73984[0;39m [2m---[0;39m [2m[           main][0;39m [36mu.g.g.p.s.r.r.JpaPersistenceLayer       [0;39m [2m:[0;39m Putting resource and parents up-to 'file:/Users/nigel/development/Palisade-examples/resources/' for resource 'file:/Users/nigel/development/Palisade-examples/resources/data/employee_file1.avro'
[2m2020-06-16 14:45:53.964[0;39m [32mDEBUG[0;39m [35m73984[0;39m [2m---[0;39m [2m[           main][0;39m [36mu.g.g.p.s.r.r.JpaPersistenceLayer       [0;39m [2m:[0;39m Resource file:/Users/nigel/development/Palisade-examples/resources/data/employee_file1.avro is not complete
[2m2020-06-16 14:45:53.967[0;39m [32mDEBUG[0;39m [35m73984[0;39m [2m---[0;39m [2m[           main][0;39m [36mu.g.g.p.s.r.r.JpaPersistenceLayer       [0;39m [2m:[0;39m Resource file:/Users/nigel/development/Palisade-examples/resources/data/employee_file1.avro is not persisted
[2m2020-06-16 14:45:53.968[0;39m [32mDEBUG[0;39m [35m73984[0;39m [2m---[0;39m [2m[           main][0;39m [36mu.g.g.p.s.r.r.JpaPersistenceLayer       [0;39m [2m:[0;39m Persistence save for incomplete resource entity 'file:/Users/nigel/development/Palisade-examples/resources/data/employee_file1.avro' with parent 'file:/Users/nigel/development/Palisade-examples/resources/data/'
[2m2020-06-16 14:45:53.971[0;39m [32mDEBUG[0;39m [35m73984[0;39m [2m---[0;39m [2m[           main][0;39m [36mu.g.g.p.s.r.r.JpaPersistenceLayer       [0;39m [2m:[0;39m Looking for root 'file:/Users/nigel/development/Palisade-examples/resources/'
[2m2020-06-16 14:45:53.971[0;39m [32mDEBUG[0;39m [35m73984[0;39m [2m---[0;39m [2m[           main][0;39m [36mu.g.g.p.s.r.r.JpaPersistenceLayer       [0;39m [2m:[0;39m Recurse traverse, child is file:/Users/nigel/development/Palisade-examples/resources/data/employee_file1.avro and parent is file:/Users/nigel/development/Palisade-examples/resources/data/
[2m2020-06-16 14:45:53.972[0;39m [32mDEBUG[0;39m [35m73984[0;39m [2m---[0;39m [2m[           main][0;39m [36mu.g.g.p.s.r.r.JpaPersistenceLayer       [0;39m [2m:[0;39m Resource file:/Users/nigel/development/Palisade-examples/resources/data/ is complete
[2m2020-06-16 14:45:53.975[0;39m [32mDEBUG[0;39m [35m73984[0;39m [2m---[0;39m [2m[           main][0;39m [36mu.g.g.p.s.r.r.JpaPersistenceLayer       [0;39m [2m:[0;39m Resource file:/Users/nigel/development/Palisade-examples/resources/data/ is persisted
[2m2020-06-16 14:45:53.975[0;39m [32mDEBUG[0;39m [35m73984[0;39m [2m---[0;39m [2m[           main][0;39m [36mu.g.g.p.s.r.r.JpaPersistenceLayer       [0;39m [2m:[0;39m Looking for root 'file:/Users/nigel/development/Palisade-examples/resources/'
[2m2020-06-16 14:45:53.976[0;39m [32mDEBUG[0;39m [35m73984[0;39m [2m---[0;39m [2m[           main][0;39m [36mu.g.g.p.s.r.r.JpaPersistenceLayer       [0;39m [2m:[0;39m Stop traverse, parent is root 'file:/Users/nigel/development/Palisade-examples/resources/'
[2m2020-06-16 14:45:53.977[0;39m [32mDEBUG[0;39m [35m73984[0;39m [2m---[0;39m [2m[           main][0;39m [36mu.g.g.p.s.r.r.JpaPersistenceLayer       [0;39m [2m:[0;39m Resource file:/Users/nigel/development/Palisade-examples/resources/ is complete
[2m2020-06-16 14:45:53.979[0;39m [32mDEBUG[0;39m [35m73984[0;39m [2m---[0;39m [2m[           main][0;39m [36mu.g.g.p.s.r.r.JpaPersistenceLayer       [0;39m [2m:[0;39m Resource file:/Users/nigel/development/Palisade-examples/resources/ is persisted
[2m2020-06-16 14:45:53.981[0;39m [32mDEBUG[0;39m [35m73984[0;39m [2m---[0;39m [2m[           main][0;39m [36mu.g.g.p.s.r.r.JpaPersistenceLayer       [0;39m [2m:[0;39m Resource file:/Users/nigel/development/Palisade-examples/ is persisted
[2m2020-06-16 14:45:53.982[0;39m [32mDEBUG[0;39m [35m73984[0;39m [2m---[0;39m [2m[           main][0;39m [36mu.g.g.p.s.r.r.JpaPersistenceLayer       [0;39m [2m:[0;39m Resource file:/Users/nigel/development/Palisade-examples/ is persisted
[2m2020-06-16 14:45:53.983[0;39m [32mDEBUG[0;39m [35m73984[0;39m [2m---[0;39m [2m[           main][0;39m [36mu.g.g.p.s.r.r.JpaPersistenceLayer       [0;39m [2m:[0;39m Resource file:/Users/nigel/development/Palisade-examples/resources/data/employee_file1.avro is complete
[2m2020-06-16 14:45:53.984[0;39m [32mDEBUG[0;39m [35m73984[0;39m [2m---[0;39m [2m[           main][0;39m [36mu.g.g.p.s.r.r.JpaPersistenceLayer       [0;39m [2m:[0;39m Resource file:/Users/nigel/development/Palisade-examples/resources/data/employee_file1.avro is persisted
[2m2020-06-16 14:45:53.986[0;39m [32mDEBUG[0;39m [35m73984[0;39m [2m---[0;39m [2m[           main][0;39m [36mu.g.g.p.s.r.r.JpaPersistenceLayer       [0;39m [2m:[0;39m Resource file:/Users/nigel/development/Palisade-examples/resources/data/ is persisted
[2m2020-06-16 14:45:53.987[0;39m [32mDEBUG[0;39m [35m73984[0;39m [2m---[0;39m [2m[           main][0;39m [36mu.g.g.p.s.r.r.JpaPersistenceLayer       [0;39m [2m:[0;39m Resource file:/Users/nigel/development/Palisade-examples/resources/data/ is persisted
[2m2020-06-16 14:45:53.987[0;39m [32mDEBUG[0;39m [35m73984[0;39m [2m---[0;39m [2m[           main][0;39m [36mu.g.g.p.s.r.r.JpaPersistenceLayer       [0;39m [2m:[0;39m Persistence save for type entity 'file:/Users/nigel/development/Palisade-examples/resources/data/employee_file1.avro' with type 'uk.gov.gchq.palisade.example.hrdatagenerator.types.Employee'
[2m2020-06-16 14:45:53.991[0;39m [32mDEBUG[0;39m [35m73984[0;39m [2m---[0;39m [2m[           main][0;39m [36mu.g.g.p.s.r.r.JpaPersistenceLayer       [0;39m [2m:[0;39m Resource file:/Users/nigel/development/Palisade-examples/resources/data/employee_file1.avro is complete
[2m2020-06-16 14:45:53.993[0;39m [32mDEBUG[0;39m [35m73984[0;39m [2m---[0;39m [2m[           main][0;39m [36mu.g.g.p.s.r.r.JpaPersistenceLayer       [0;39m [2m:[0;39m Resource file:/Users/nigel/development/Palisade-examples/resources/data/employee_file1.avro is persisted
[2m2020-06-16 14:45:53.994[0;39m [32mDEBUG[0;39m [35m73984[0;39m [2m---[0;39m [2m[           main][0;39m [36mu.g.g.p.s.r.r.JpaPersistenceLayer       [0;39m [2m:[0;39m Resource file:/Users/nigel/development/Palisade-examples/resources/data/ is persisted
[2m2020-06-16 14:45:53.996[0;39m [32mDEBUG[0;39m [35m73984[0;39m [2m---[0;39m [2m[           main][0;39m [36mu.g.g.p.s.r.r.JpaPersistenceLayer       [0;39m [2m:[0;39m Resource file:/Users/nigel/development/Palisade-examples/resources/data/ is persisted
[2m2020-06-16 14:45:53.996[0;39m [32mDEBUG[0;39m [35m73984[0;39m [2m---[0;39m [2m[           main][0;39m [36mu.g.g.p.s.r.r.JpaPersistenceLayer       [0;39m [2m:[0;39m Persistence save for serialised format entity 'file:/Users/nigel/development/Palisade-examples/resources/data/employee_file1.avro' with serialised format 'avro'
[2m2020-06-16 14:45:58.472[0;39m [32m INFO[0;39m [35m73984[0;39m [2m---[0;39m [2m[o-auto-1-exec-1][0;39m [36mo.a.c.c.C.[Tomcat].[localhost].[/]      [0;39m [2m:[0;39m Initializing Spring DispatcherServlet 'dispatcherServlet'
[2m2020-06-16 14:45:58.472[0;39m [32m INFO[0;39m [35m73984[0;39m [2m---[0;39m [2m[o-auto-1-exec-1][0;39m [36mo.s.web.servlet.DispatcherServlet       [0;39m [2m:[0;39m Initializing Servlet 'dispatcherServlet'
[2m2020-06-16 14:45:58.487[0;39m [32m INFO[0;39m [35m73984[0;39m [2m---[0;39m [2m[o-auto-1-exec-1][0;39m [36mo.s.web.servlet.DispatcherServlet       [0;39m [2m:[0;39m Completed initialization in 15 ms
[2m2020-06-16 14:47:39.686[0;39m [32m INFO[0;39m [35m73984[0;39m [2m---[0;39m [2m[o-auto-1-exec-3][0;39m [36mu.g.g.p.s.r.web.ResourceController      [0;39m [2m:[0;39m Invoking getResourceById: GetResourcesByIdRequest[resourceId='file:/Users/nigel/development/Palisade-examples/../Palisade-examples/resources/data/', Request[id=RequestId[id='ac27cbe4-d8e8-4815-b651-f6ad0715a2b9'], originalRequestId=RequestId[id='96be474f-340b-4d6a-98d0-850d8f501af1']]]
[2m2020-06-16 14:47:39.688[0;39m [32mDEBUG[0;39m [35m73984[0;39m [2m---[0;39m [2m[o-auto-1-exec-3][0;39m [36mu.g.g.p.s.r.web.ResourceController      [0;39m [2m:[0;39m Streaming response: uk.gov.gchq.palisade.service.resource.web.ResourceController$$Lambda$1225/0x0000000800bca040@1549714c
[2m2020-06-16 14:47:39.691[0;39m [33m WARN[0;39m [35m73984[0;39m [2m---[0;39m [2m[o-auto-1-exec-3][0;39m [36mo.s.w.c.request.async.WebAsyncManager   [0;39m [2m:[0;39m 
!!!
An Executor is required to handle java.util.concurrent.Callable return values.
Please, configure a TaskExecutor in the MVC config under "async support".
The SimpleAsyncTaskExecutor currently in use is not suitable under load.
-------------------------------
Request URI: '/getResourcesById'
!!!
[2m2020-06-16 14:47:39.702[0;39m [32m INFO[0;39m [35m73984[0;39m [2m---[0;39m [2m[      MvcAsync1][0;39m [36m.g.p.s.r.s.StreamingResourceServiceProxy[0;39m [2m:[0;39m Trying from persistence store
[2m2020-06-16 14:47:39.702[0;39m [32mDEBUG[0;39m [35m73984[0;39m [2m---[0;39m [2m[      MvcAsync1][0;39m [36mu.g.g.p.s.r.r.JpaPersistenceLayer       [0;39m [2m:[0;39m Getting resources by id 'file:/Users/nigel/development/Palisade-examples/resources/data/'
[2m2020-06-16 14:47:39.703[0;39m [32mDEBUG[0;39m [35m73984[0;39m [2m---[0;39m [2m[      MvcAsync1][0;39m [36mu.g.g.p.s.r.r.JpaPersistenceLayer       [0;39m [2m:[0;39m Resource file:/Users/nigel/development/Palisade-examples/resources/data/ is complete
[2m2020-06-16 14:47:39.703[0;39m [32m INFO[0;39m [35m73984[0;39m [2m---[0;39m [2m[      MvcAsync1][0;39m [36mu.g.g.p.s.r.r.JpaPersistenceLayer       [0;39m [2m:[0;39m Persistence hit for resourceId file:/Users/nigel/development/Palisade-examples/resources/data/
[2m2020-06-16 14:50:52.723[0;39m [32m INFO[0;39m [35m73984[0;39m [2m---[0;39m [2m[trap-executor-0][0;39m [36mc.n.d.s.r.aws.ConfigClusterResolver     [0;39m [2m:[0;39m Resolving eureka endpoints via configuration
[2m2020-06-16 14:55:52.732[0;39m [32m INFO[0;39m [35m73984[0;39m [2m---[0;39m [2m[trap-executor-0][0;39m [36mc.n.d.s.r.aws.ConfigClusterResolver     [0;39m [2m:[0;39m Resolving eureka endpoints via configuration
[2m2020-06-16 15:00:52.743[0;39m [32m INFO[0;39m [35m73984[0;39m [2m---[0;39m [2m[trap-executor-0][0;39m [36mc.n.d.s.r.aws.ConfigClusterResolver     [0;39m [2m:[0;39m Resolving eureka endpoints via configuration
[2m2020-06-16 15:05:52.752[0;39m [32m INFO[0;39m [35m73984[0;39m [2m---[0;39m [2m[trap-executor-0][0;39m [36mc.n.d.s.r.aws.ConfigClusterResolver     [0;39m [2m:[0;39m Resolving eureka endpoints via configuration
[2m2020-06-16 15:10:52.762[0;39m [32m INFO[0;39m [35m73984[0;39m [2m---[0;39m [2m[trap-executor-0][0;39m [36mc.n.d.s.r.aws.ConfigClusterResolver     [0;39m [2m:[0;39m Resolving eureka endpoints via configuration
[2m2020-06-16 15:15:52.772[0;39m [32m INFO[0;39m [35m73984[0;39m [2m---[0;39m [2m[trap-executor-0][0;39m [36mc.n.d.s.r.aws.ConfigClusterResolver     [0;39m [2m:[0;39m Resolving eureka endpoints via configuration
[2m2020-06-16 15:20:52.782[0;39m [32m INFO[0;39m [35m73984[0;39m [2m---[0;39m [2m[trap-executor-0][0;39m [36mc.n.d.s.r.aws.ConfigClusterResolver     [0;39m [2m:[0;39m Resolving eureka endpoints via configuration
[2m2020-06-16 15:25:52.791[0;39m [32m INFO[0;39m [35m73984[0;39m [2m---[0;39m [2m[trap-executor-0][0;39m [36mc.n.d.s.r.aws.ConfigClusterResolver     [0;39m [2m:[0;39m Resolving eureka endpoints via configuration
[2m2020-06-16 15:30:52.799[0;39m [32m INFO[0;39m [35m73984[0;39m [2m---[0;39m [2m[trap-executor-0][0;39m [36mc.n.d.s.r.aws.ConfigClusterResolver     [0;39m [2m:[0;39m Resolving eureka endpoints via configuration
[2m2020-06-16 15:35:52.813[0;39m [32m INFO[0;39m [35m73984[0;39m [2m---[0;39m [2m[trap-executor-0][0;39m [36mc.n.d.s.r.aws.ConfigClusterResolver     [0;39m [2m:[0;39m Resolving eureka endpoints via configuration
[2m2020-06-16 15:40:52.825[0;39m [32m INFO[0;39m [35m73984[0;39m [2m---[0;39m [2m[trap-executor-0][0;39m [36mc.n.d.s.r.aws.ConfigClusterResolver     [0;39m [2m:[0;39m Resolving eureka endpoints via configuration
[2m2020-06-16 15:45:52.834[0;39m [32m INFO[0;39m [35m73984[0;39m [2m---[0;39m [2m[trap-executor-0][0;39m [36mc.n.d.s.r.aws.ConfigClusterResolver     [0;39m [2m:[0;39m Resolving eureka endpoints via configuration
[2m2020-06-16 15:50:52.843[0;39m [32m INFO[0;39m [35m73984[0;39m [2m---[0;39m [2m[trap-executor-0][0;39m [36mc.n.d.s.r.aws.ConfigClusterResolver     [0;39m [2m:[0;39m Resolving eureka endpoints via configuration
[2m2020-06-16 15:55:52.851[0;39m [32m INFO[0;39m [35m73984[0;39m [2m---[0;39m [2m[trap-executor-0][0;39m [36mc.n.d.s.r.aws.ConfigClusterResolver     [0;39m [2m:[0;39m Resolving eureka endpoints via configuration
[2m2020-06-16 16:00:52.860[0;39m [32m INFO[0;39m [35m73984[0;39m [2m---[0;39m [2m[trap-executor-0][0;39m [36mc.n.d.s.r.aws.ConfigClusterResolver     [0;39m [2m:[0;39m Resolving eureka endpoints via configuration
[2m2020-06-16 16:05:52.875[0;39m [32m INFO[0;39m [35m73984[0;39m [2m---[0;39m [2m[trap-executor-0][0;39m [36mc.n.d.s.r.aws.ConfigClusterResolver     [0;39m [2m:[0;39m Resolving eureka endpoints via configuration
[2m2020-06-16 16:10:52.885[0;39m [32m INFO[0;39m [35m73984[0;39m [2m---[0;39m [2m[trap-executor-0][0;39m [36mc.n.d.s.r.aws.ConfigClusterResolver     [0;39m [2m:[0;39m Resolving eureka endpoints via configuration
[2m2020-06-16 16:15:52.895[0;39m [32m INFO[0;39m [35m73984[0;39m [2m---[0;39m [2m[trap-executor-0][0;39m [36mc.n.d.s.r.aws.ConfigClusterResolver     [0;39m [2m:[0;39m Resolving eureka endpoints via configuration
[2m2020-06-16 16:20:52.904[0;39m [32m INFO[0;39m [35m73984[0;39m [2m---[0;39m [2m[trap-executor-0][0;39m [36mc.n.d.s.r.aws.ConfigClusterResolver     [0;39m [2m:[0;39m Resolving eureka endpoints via configuration
[2m2020-06-16 16:25:52.915[0;39m [32m INFO[0;39m [35m73984[0;39m [2m---[0;39m [2m[trap-executor-0][0;39m [36mc.n.d.s.r.aws.ConfigClusterResolver     [0;39m [2m:[0;39m Resolving eureka endpoints via configuration
[2m2020-06-16 16:30:52.922[0;39m [32m INFO[0;39m [35m73984[0;39m [2m---[0;39m [2m[trap-executor-0][0;39m [36mc.n.d.s.r.aws.ConfigClusterResolver     [0;39m [2m:[0;39m Resolving eureka endpoints via configuration
[2m2020-06-16 16:35:52.931[0;39m [32m INFO[0;39m [35m73984[0;39m [2m---[0;39m [2m[trap-executor-0][0;39m [36mc.n.d.s.r.aws.ConfigClusterResolver     [0;39m [2m:[0;39m Resolving eureka endpoints via configuration
[2m2020-06-16 16:40:52.940[0;39m [32m INFO[0;39m [35m73984[0;39m [2m---[0;39m [2m[trap-executor-0][0;39m [36mc.n.d.s.r.aws.ConfigClusterResolver     [0;39m [2m:[0;39m Resolving eureka endpoints via configuration
[2m2020-06-16 16:45:52.948[0;39m [32m INFO[0;39m [35m73984[0;39m [2m---[0;39m [2m[trap-executor-0][0;39m [36mc.n.d.s.r.aws.ConfigClusterResolver     [0;39m [2m:[0;39m Resolving eureka endpoints via configuration
[2m2020-06-16 16:50:52.955[0;39m [32m INFO[0;39m [35m73984[0;39m [2m---[0;39m [2m[trap-executor-0][0;39m [36mc.n.d.s.r.aws.ConfigClusterResolver     [0;39m [2m:[0;39m Resolving eureka endpoints via configuration
[2m2020-06-16 16:55:52.962[0;39m [32m INFO[0;39m [35m73984[0;39m [2m---[0;39m [2m[trap-executor-0][0;39m [36mc.n.d.s.r.aws.ConfigClusterResolver     [0;39m [2m:[0;39m Resolving eureka endpoints via configuration
