14:45:09.640 [main] DEBUG uk.gov.gchq.palisade.service.user.UserApplication - UserApplication started with: class uk.gov.gchq.palisade.service.user.UserApplication main []
[34m             -/                         :-           -`            /.          `-                          `.
[34m             ys`                       `ho`       `:-             .d/        ./`                         -/
[34m             -dh:                       /dh-     -//`              sdy.    `:/-                        `:/.
[34m              sdds`                      hdd+  `://-               .ddh/  .///`                       -//:
[34m              -dddh:                     /dddy:////`                oddds////-                      `:///.
[34m               sdddds`                    hdddds//-                 .dddddo//`                     -////:
[34m               .dddddh:                   /dddddh+`                  odddddy:                    `://///.
[34m                oddddddo`                 .hdddddd+                  -ddddddh:                  -//////:
[34m                .dddddddh:               -/odddddddy.              `:/sddddddds`              `:///////.
[34m                 oddddddddo`           `:///hdddddddd+            .////ddddddddh:            -////////:
[34m                 .dddddddddh:         -/////odddddddddy.        `://///sddddddddds`        `://///////.
[34m                  oddddddddddo`     `:///////hdddddddddd+      .////////ddddddddddh:      -//////////:
[34m                  `dddddddddddh:   -/////////+dddddddddddy.  `-/////////sddddddddddds`  `:///////////`
[34m                   +ddddddddddddo.:///////////ydddddddddddd/.////////////hdddddddddddh:-////////////:
[34m                   `dddddddddddddho///////////+dddddddddddddy+///////////odddddddddddddy////////////`
[34m                    +dddddddddddddds//////////`sdddddddddddddds/////////:`hdddddddddddddho/////////-
[34m                    `hddddddddddddddh+///////- -dddddddddddddddy+///////. /dddddddddddddddy////////`
[34m                     /dddddddddddddddh+//////`  sdddddddddddddddh//////:  `hdddddddddddddddy//////-
[34m                     `hdddddddddddddddh/////-   .ddddddddddddddddy/////.   /dddddddddddddddds/////`
[34m                      :ddddddddddddddddy///:     +dddddddddddddddds///:     sddddddddddddddddo///-
[34m                       +ddddddddddddddddy//`     `sddddddddddddddddo/:      `hdddddddddddddddd+/:
[34m                        sdddddddddddddddds.       `yddddddddddddddddo`       .hdddddddddddddddh/
[34m                        :hdddddddddddddddd/       `/hdddddddddddddddh-       `+ddddddddddddddddh`
[34m                       -/+hdddddddddddddddd-      :/+ddddddddddddddddh.     `//oddddddddddddddddy`
[34m                      -///oddddddddddddddddh.    -///oddddddddddddddddy`   `:///sddddddddddddddddo
[34m                     ./////sddddddddddddddddy`  -/////sdddddddddddddddds   ://///ydddddddddddddddd+
[34m                    `///////ydddddddddddddddds`.///////yddddddddddddddddo -//////+hdddddddddddddddd/
[34m                   `/////////yddddddddddddddddo////////+hdddddddddddddddd/////////+ddddddddddddddddd:
[34m                  `://///////+hddddddddddddddh+/////////+dddddddddddddddy//////////oddddddddddddddddh.
[34m                  :///////////+dddddddddddddd+///////////odddddddddddddh////////////sddddddddddddddddy`
[34m                 -/////////////oddddddddddddo/////////////sdddddddddddh+/////////////yddddddddddddddddy`
[34m                -///////////////sddddddddddo///////////////ydddddddddd+///////////////hddddddddddddddddo
[34m               ./////////////////sdddddddds/////////////////yddddddddo/////////////////hdddddddddddddddd+
[34m              `/////////////////-`yddddddy/////////////////..hdddddds/////////////////`:ddddddddddddddddd/
[34m             `/////////////////-  .hddddy/////////////////.  :ddddds/////////////////.  +ddddddddddddddddd:
[34m            `:////////////////:    :dddh+////////////////-    +dddy/////////////////.    sddddddddddddddddh.
[34m            ://///////////////`     /dh+////////////////:      sdh/////////////////-     `yddddddddddddddddy`
[34m           -/////////////////`       oo/////////////////`      `s+////////////////:       .hddddddddddddddddy`
[34m          -/////////////////.        ://///////////////y.      `/////////////////+y`       -dddddddddddddddddo
[34m         ./////////////////-        -/////////////////ydh`     ://///////////////hds`       /ddddddddddddddddd+
[34m        ./////////////////:        ./////////////////sdddy`   -/////////////////ydddo        oddddddddddddddddd/
[34m       `/////////////////:`       ./////////////////odddddo  -/////////////////sddddd/       `sddddddddddddddddd:
[34m      `://///////////////`       `/////////////////+ddddddd+./////////////////oddddddd:       `hddddddddddddddddh.
[34m      ://///////////////.       `:////////////////+hdddddddh/////////////////+ddddddddd-       -dddddddddddddddddh`
[34m     -/////////////////-        ://///////////////ydddddddh+////////////////+hdddddddddh.       :dddddddddddddddddy`
[34m    -/////////////////-        ://///////////////ydddddddd+/////////////////hdddddddddddy`       +ddddddddddddddddds
[34m   ./////////////////:        -/////////////////sddddddddo/////////////////yddddddddddddds`       sddddddddddddddddd+
[34m  .//////////////////`       ./////////////////odddddddds/////////////////sdddddddddddddddo       `yddddddddddddddddd/
[34m `//////////////////`       .//////////////////hddddddds/////////////////+ddddddddddddddddd+       .hddddddddddddddddd:
[34m`://///////////////.       `//////////////////.yddddddy/////////////////:.hddddddddddddddddd:       -dddddddddddddddddh.
[34m://///////////////-        ://///////////////. .hddddh//////////////////` -dddddddddddddddddd.       /dddddddddddddddddh
[34m-////////////////:         :////////////////-   -ddddh/////////////////.   /ddddddddddddddddd.        oddddddddddddddddh
[34m ://////////////:`         `://////////////:     /ddddy+//////////////-     oddddddddddddddh:         `yddddddddddddddy.
[34m  .:////////////`            .:///////////:`      +ddddds+///////////:       sdddddddddddy/`           `yddddddddddhy:
[34m    `.-::///::-`               `.-::///::.         -oyhhhhs/-::///:-.         :shhhhhyo/-               `/shhhhhyo/.

[32m-::////::-`         -::::        `::-          `::-     `-:/++//:-`       .::::`        ::://///:-.`       ::::::::::::-
[32mdddssssyyddy+`     -ddhddo       :dds          -ddy   .sddhsssssyh-      `hdhhdy`       dddyyyyyhddhs:     dddyyyyyyyyy+
[32mddh      `+dds    .hdh`odd/      :dds          -ddy   ydd+               ydd-:dds       ddh       -sddy`   ddd`
[32mddh       `ddd   `ydd.  ydd-     :dds          -ddy   sdds-`            odd/  +dd+      ddh         oddo   ddd`
[32mddh      `+dds   sdd:   `hdh.    :dds          -ddy   `+ydddyyo+:`     /ddo    odd:     ddh         :dds   dddyyyyyyyyy
[32mdddysssyyddy/   +ddy+++++sddy`   :dds          -ddy      `.:/+shddo   -ddd++++++ddd-    ddh         :dds   ddd:--------
[32mddh////:-.`    /ddyssssssssdds   :dds          -ddy            `hdd- .hdhsssssssshdh.   ddh        `ydd:   ddd`
[32mddh           -ddy`        +dd+  :ddy........` -ddy  `/:-..``.-oddh``hdd-        -ddy`  ddd-..`.-:oddh:    ddd-.........
[32mhhy          `yhh.          shh: -hhhhhhhhhhh/ -hhs  `syhhddddhys/` ohh/          /hh+  yhdddddhhys+-      hhhhhhhhhhhhh
[33m :: user-service ::[36m:: (v0.4.0-SNAPSHOT) ::[31m:: a9f62f8-SNAPSHOT ::[39m

[2m2020-06-16 14:45:20.387[0;39m [32m INFO[0;39m [35m73985[0;39m [2m---[0;39m [2m[           main][0;39m [36mu.g.g.p.service.user.UserApplication    [0;39m [2m:[0;39m The following profiles are active: eureka,caffeine,eureka-config,example
[2m2020-06-16 14:45:26.352[0;39m [33m WARN[0;39m [35m73985[0;39m [2m---[0;39m [2m[           main][0;39m [36mo.s.boot.actuate.endpoint.EndpointId    [0;39m [2m:[0;39m Endpoint ID 'service-registry' contains invalid characters, please migrate to a valid format.
[2m2020-06-16 14:45:27.312[0;39m [32m INFO[0;39m [35m73985[0;39m [2m---[0;39m [2m[           main][0;39m [36mo.s.cloud.context.scope.GenericScope    [0;39m [2m:[0;39m BeanFactory id=c172e852-8873-35f5-95f7-7e80ccb4e428
[2m2020-06-16 14:45:30.433[0;39m [32m INFO[0;39m [35m73985[0;39m [2m---[0;39m [2m[           main][0;39m [36mo.s.b.w.embedded.tomcat.TomcatWebServer [0;39m [2m:[0;39m Tomcat initialized with port(s): 0 (http)
[2m2020-06-16 14:45:30.461[0;39m [32m INFO[0;39m [35m73985[0;39m [2m---[0;39m [2m[           main][0;39m [36mo.apache.catalina.core.StandardService  [0;39m [2m:[0;39m Starting service [Tomcat]
[2m2020-06-16 14:45:30.462[0;39m [32m INFO[0;39m [35m73985[0;39m [2m---[0;39m [2m[           main][0;39m [36morg.apache.catalina.core.StandardEngine [0;39m [2m:[0;39m Starting Servlet engine: [Apache Tomcat/9.0.27]
[2m2020-06-16 14:45:30.743[0;39m [32m INFO[0;39m [35m73985[0;39m [2m---[0;39m [2m[           main][0;39m [36mo.a.c.c.C.[Tomcat].[localhost].[/]      [0;39m [2m:[0;39m Initializing Spring embedded WebApplicationContext
[2m2020-06-16 14:45:30.743[0;39m [32m INFO[0;39m [35m73985[0;39m [2m---[0;39m [2m[           main][0;39m [36mo.s.web.context.ContextLoader           [0;39m [2m:[0;39m Root WebApplicationContext: initialization completed in 10206 ms
[2m2020-06-16 14:45:31.375[0;39m [33m WARN[0;39m [35m73985[0;39m [2m---[0;39m [2m[           main][0;39m [36mc.n.c.sources.URLConfigurationSource    [0;39m [2m:[0;39m No URLs will be polled as dynamic configuration sources.
[2m2020-06-16 14:45:31.375[0;39m [32m INFO[0;39m [35m73985[0;39m [2m---[0;39m [2m[           main][0;39m [36mc.n.c.sources.URLConfigurationSource    [0;39m [2m:[0;39m To enable URLs as dynamic configuration sources, define System property archaius.configurationSource.additionalUrls or make config.properties available on classpath.
[2m2020-06-16 14:45:31.462[0;39m [32m INFO[0;39m [35m73985[0;39m [2m---[0;39m [2m[           main][0;39m [36mc.netflix.config.DynamicPropertyFactory [0;39m [2m:[0;39m DynamicPropertyFactory is initialized with configuration sources: com.netflix.config.ConcurrentCompositeConfiguration@41de5768
[2m2020-06-16 14:45:33.478[0;39m [32m INFO[0;39m [35m73985[0;39m [2m---[0;39m [2m[           main][0;39m [36mu.g.g.p.s.u.c.ApplicationConfiguration  [0;39m [2m:[0;39m Instantiated NullUserService
[2m2020-06-16 14:45:33.492[0;39m [32m INFO[0;39m [35m73985[0;39m [2m---[0;39m [2m[           main][0;39m [36mu.g.g.p.s.u.c.ApplicationConfiguration  [0;39m [2m:[0;39m Instantiated UserServiceProxy with uk.gov.gchq.palisade.service.user.service.NullUserService@470a9030
[2m2020-06-16 14:45:33.865[0;39m [32m INFO[0;39m [35m73985[0;39m [2m---[0;39m [2m[           main][0;39m [36mu.g.g.p.s.u.c.ApplicationConfiguration  [0;39m [2m:[0;39m Starting ThreadPoolTaskExecutor with core = [6] max = [2147483647]
[2m2020-06-16 14:45:33.867[0;39m [32m INFO[0;39m [35m73985[0;39m [2m---[0;39m [2m[           main][0;39m [36mo.s.s.concurrent.ThreadPoolTaskExecutor [0;39m [2m:[0;39m Initializing ExecutorService 'threadPoolTaskExecutor'
[2m2020-06-16 14:45:33.910[0;39m [33m WARN[0;39m [35m73985[0;39m [2m---[0;39m [2m[           main][0;39m [36mc.n.c.sources.URLConfigurationSource    [0;39m [2m:[0;39m No URLs will be polled as dynamic configuration sources.
[2m2020-06-16 14:45:33.911[0;39m [32m INFO[0;39m [35m73985[0;39m [2m---[0;39m [2m[           main][0;39m [36mc.n.c.sources.URLConfigurationSource    [0;39m [2m:[0;39m To enable URLs as dynamic configuration sources, define System property archaius.configurationSource.additionalUrls or make config.properties available on classpath.
[2m2020-06-16 14:45:37.546[0;39m [33m WARN[0;39m [35m73985[0;39m [2m---[0;39m [2m[           main][0;39m [36mockingLoadBalancerClientRibbonWarnLogger[0;39m [2m:[0;39m You already have RibbonLoadBalancerClient on your classpath. It will be used by default. As Spring Cloud Ribbon is in maintenance mode. We recommend switching to BlockingLoadBalancerClient instead. In order to use it, set the value of `spring.cloud.loadbalancer.ribbon.enabled` to `false` or remove spring-cloud-starter-netflix-ribbon from your project.
[2m2020-06-16 14:45:37.802[0;39m [32m INFO[0;39m [35m73985[0;39m [2m---[0;39m [2m[           main][0;39m [36mo.s.b.a.e.web.EndpointLinksResolver     [0;39m [2m:[0;39m Exposing 18 endpoint(s) beneath base path '/actuator'
[2m2020-06-16 14:45:38.309[0;39m [32m INFO[0;39m [35m73985[0;39m [2m---[0;39m [2m[           main][0;39m [36mo.s.b.w.embedded.tomcat.TomcatWebServer [0;39m [2m:[0;39m Tomcat started on port(s): 61752 (http) with context path ''
[2m2020-06-16 14:45:38.310[0;39m [32m INFO[0;39m [35m73985[0;39m [2m---[0;39m [2m[           main][0;39m [36m.s.c.n.e.s.EurekaAutoServiceRegistration[0;39m [2m:[0;39m Updating port to 61752
[2m2020-06-16 14:45:38.353[0;39m [32m INFO[0;39m [35m73985[0;39m [2m---[0;39m [2m[           main][0;39m [36mo.s.c.n.eureka.InstanceInfoFactory      [0;39m [2m:[0;39m Setting initial instance status as: STARTING
[2m2020-06-16 14:45:38.802[0;39m [32m INFO[0;39m [35m73985[0;39m [2m---[0;39m [2m[           main][0;39m [36mcom.netflix.discovery.DiscoveryClient   [0;39m [2m:[0;39m Initializing Eureka in region us-east-1
[2m2020-06-16 14:45:39.796[0;39m [32m INFO[0;39m [35m73985[0;39m [2m---[0;39m [2m[           main][0;39m [36mc.n.d.provider.DiscoveryJerseyProvider  [0;39m [2m:[0;39m Using JSON encoding codec LegacyJacksonJson
[2m2020-06-16 14:45:39.797[0;39m [32m INFO[0;39m [35m73985[0;39m [2m---[0;39m [2m[           main][0;39m [36mc.n.d.provider.DiscoveryJerseyProvider  [0;39m [2m:[0;39m Using JSON decoding codec LegacyJacksonJson
[2m2020-06-16 14:45:40.990[0;39m [32m INFO[0;39m [35m73985[0;39m [2m---[0;39m [2m[           main][0;39m [36mc.n.d.provider.DiscoveryJerseyProvider  [0;39m [2m:[0;39m Using XML encoding codec XStreamXml
[2m2020-06-16 14:45:40.990[0;39m [32m INFO[0;39m [35m73985[0;39m [2m---[0;39m [2m[           main][0;39m [36mc.n.d.provider.DiscoveryJerseyProvider  [0;39m [2m:[0;39m Using XML decoding codec XStreamXml
[2m2020-06-16 14:45:42.050[0;39m [32m INFO[0;39m [35m73985[0;39m [2m---[0;39m [2m[           main][0;39m [36mc.n.d.s.r.aws.ConfigClusterResolver     [0;39m [2m:[0;39m Resolving eureka endpoints via configuration
[2m2020-06-16 14:45:42.127[0;39m [32m INFO[0;39m [35m73985[0;39m [2m---[0;39m [2m[           main][0;39m [36mcom.netflix.discovery.DiscoveryClient   [0;39m [2m:[0;39m Disable delta property : false
[2m2020-06-16 14:45:42.127[0;39m [32m INFO[0;39m [35m73985[0;39m [2m---[0;39m [2m[           main][0;39m [36mcom.netflix.discovery.DiscoveryClient   [0;39m [2m:[0;39m Single vip registry refresh property : null
[2m2020-06-16 14:45:42.127[0;39m [32m INFO[0;39m [35m73985[0;39m [2m---[0;39m [2m[           main][0;39m [36mcom.netflix.discovery.DiscoveryClient   [0;39m [2m:[0;39m Force full registry fetch : false
[2m2020-06-16 14:45:42.127[0;39m [32m INFO[0;39m [35m73985[0;39m [2m---[0;39m [2m[           main][0;39m [36mcom.netflix.discovery.DiscoveryClient   [0;39m [2m:[0;39m Application is null : false
[2m2020-06-16 14:45:42.128[0;39m [32m INFO[0;39m [35m73985[0;39m [2m---[0;39m [2m[           main][0;39m [36mcom.netflix.discovery.DiscoveryClient   [0;39m [2m:[0;39m Registered Applications size is zero : true
[2m2020-06-16 14:45:42.128[0;39m [32m INFO[0;39m [35m73985[0;39m [2m---[0;39m [2m[           main][0;39m [36mcom.netflix.discovery.DiscoveryClient   [0;39m [2m:[0;39m Application version is -1: true
[2m2020-06-16 14:45:42.128[0;39m [32m INFO[0;39m [35m73985[0;39m [2m---[0;39m [2m[           main][0;39m [36mcom.netflix.discovery.DiscoveryClient   [0;39m [2m:[0;39m Getting all instance registry info from the eureka server
[2m2020-06-16 14:45:43.345[0;39m [32m INFO[0;39m [35m73985[0;39m [2m---[0;39m [2m[           main][0;39m [36mcom.netflix.discovery.DiscoveryClient   [0;39m [2m:[0;39m The response status is 200
[2m2020-06-16 14:45:43.421[0;39m [32m INFO[0;39m [35m73985[0;39m [2m---[0;39m [2m[           main][0;39m [36mcom.netflix.discovery.DiscoveryClient   [0;39m [2m:[0;39m Starting heartbeat executor: renew interval is: 5
[2m2020-06-16 14:45:43.427[0;39m [32m INFO[0;39m [35m73985[0;39m [2m---[0;39m [2m[           main][0;39m [36mc.n.discovery.InstanceInfoReplicator    [0;39m [2m:[0;39m InstanceInfoReplicator onDemand update allowed rate per min is 4
[2m2020-06-16 14:45:43.433[0;39m [32m INFO[0;39m [35m73985[0;39m [2m---[0;39m [2m[           main][0;39m [36mcom.netflix.discovery.DiscoveryClient   [0;39m [2m:[0;39m Discovery Client initialized at timestamp 1592315143431 with initial instances count: 2
[2m2020-06-16 14:45:43.441[0;39m [32m INFO[0;39m [35m73985[0;39m [2m---[0;39m [2m[           main][0;39m [36mo.s.c.n.e.s.EurekaServiceRegistry       [0;39m [2m:[0;39m Registering application USER-SERVICE with eureka with status UP
[2m2020-06-16 14:45:43.442[0;39m [32m INFO[0;39m [35m73985[0;39m [2m---[0;39m [2m[           main][0;39m [36mcom.netflix.discovery.DiscoveryClient   [0;39m [2m:[0;39m Saw local status change event StatusChangeEvent [timestamp=1592315143442, current=UP, previous=STARTING]
[2m2020-06-16 14:45:43.446[0;39m [32m INFO[0;39m [35m73985[0;39m [2m---[0;39m [2m[nfoReplicator-0][0;39m [36mcom.netflix.discovery.DiscoveryClient   [0;39m [2m:[0;39m DiscoveryClient_USER-SERVICE/192.168.1.96:user-service:0: registering service...
[2m2020-06-16 14:45:43.502[0;39m [32m INFO[0;39m [35m73985[0;39m [2m---[0;39m [2m[nfoReplicator-0][0;39m [36mcom.netflix.discovery.DiscoveryClient   [0;39m [2m:[0;39m DiscoveryClient_USER-SERVICE/192.168.1.96:user-service:0 - registration status: 204
[2m2020-06-16 14:45:43.511[0;39m [32m INFO[0;39m [35m73985[0;39m [2m---[0;39m [2m[           main][0;39m [36mu.g.g.p.service.user.UserApplication    [0;39m [2m:[0;39m Started UserApplication in 33.042 seconds (JVM running for 36.486)
[2m2020-06-16 14:45:43.519[0;39m [32m INFO[0;39m [35m73985[0;39m [2m---[0;39m [2m[           main][0;39m [36mu.g.g.p.service.user.web.UserController [0;39m [2m:[0;39m Prepopulating using user config: class uk.gov.gchq.palisade.example.config.ExampleUserConfiguration
[2m2020-06-16 14:45:43.535[0;39m [32mDEBUG[0;39m [35m73985[0;39m [2m---[0;39m [2m[           main][0;39m [36mu.g.g.p.service.user.web.UserController [0;39m [2m:[0;39m ExampleUser[trainingCourses=[PAYROLL_TRAINING_COURSE], User[userId=UserId[id='Alice'], roles=[HR], auths=[public private], uk.gov.gchq.palisade.example.common.ExampleUser@b67b097d]]
[2m2020-06-16 14:45:43.641[0;39m [32m INFO[0;39m [35m73985[0;39m [2m---[0;39m [2m[           main][0;39m [36mu.g.g.p.s.user.service.UserServiceProxy [0;39m [2m:[0;39m Cache add for userId UserId[id='Alice']
[2m2020-06-16 14:45:43.641[0;39m [32mDEBUG[0;39m [35m73985[0;39m [2m---[0;39m [2m[           main][0;39m [36mu.g.g.p.s.user.service.UserServiceProxy [0;39m [2m:[0;39m Added user ExampleUser[trainingCourses=[PAYROLL_TRAINING_COURSE], User[userId=UserId[id='Alice'], roles=[HR], auths=[public private], uk.gov.gchq.palisade.example.common.ExampleUser@b67b097d]] to cache (key=userId)
[2m2020-06-16 14:45:43.845[0;39m [32mDEBUG[0;39m [35m73985[0;39m [2m---[0;39m [2m[           main][0;39m [36mu.g.g.p.service.user.web.UserController [0;39m [2m:[0;39m ExampleUser[trainingCourses=[], User[userId=UserId[id='Bob'], roles=[ESTATES], auths=[public], uk.gov.gchq.palisade.example.common.ExampleUser@dca7988c]]
[2m2020-06-16 14:45:43.846[0;39m [32m INFO[0;39m [35m73985[0;39m [2m---[0;39m [2m[           main][0;39m [36mu.g.g.p.s.user.service.UserServiceProxy [0;39m [2m:[0;39m Cache add for userId UserId[id='Bob']
[2m2020-06-16 14:45:43.846[0;39m [32mDEBUG[0;39m [35m73985[0;39m [2m---[0;39m [2m[           main][0;39m [36mu.g.g.p.s.user.service.UserServiceProxy [0;39m [2m:[0;39m Added user ExampleUser[trainingCourses=[], User[userId=UserId[id='Bob'], roles=[ESTATES], auths=[public], uk.gov.gchq.palisade.example.common.ExampleUser@dca7988c]] to cache (key=userId)
[2m2020-06-16 14:45:43.846[0;39m [32mDEBUG[0;39m [35m73985[0;39m [2m---[0;39m [2m[           main][0;39m [36mu.g.g.p.service.user.web.UserController [0;39m [2m:[0;39m ExampleUser[trainingCourses=[], User[userId=UserId[id='Eve'], roles=[IT], auths=[public], uk.gov.gchq.palisade.example.common.ExampleUser@6ea259b1]]
[2m2020-06-16 14:45:43.847[0;39m [32m INFO[0;39m [35m73985[0;39m [2m---[0;39m [2m[           main][0;39m [36mu.g.g.p.s.user.service.UserServiceProxy [0;39m [2m:[0;39m Cache add for userId UserId[id='Eve']
[2m2020-06-16 14:45:43.847[0;39m [32mDEBUG[0;39m [35m73985[0;39m [2m---[0;39m [2m[           main][0;39m [36mu.g.g.p.s.user.service.UserServiceProxy [0;39m [2m:[0;39m Added user ExampleUser[trainingCourses=[], User[userId=UserId[id='Eve'], roles=[IT], auths=[public], uk.gov.gchq.palisade.example.common.ExampleUser@6ea259b1]] to cache (key=userId)
[2m2020-06-16 14:45:58.738[0;39m [32m INFO[0;39m [35m73985[0;39m [2m---[0;39m [2m[o-auto-1-exec-1][0;39m [36mo.a.c.c.C.[Tomcat].[localhost].[/]      [0;39m [2m:[0;39m Initializing Spring DispatcherServlet 'dispatcherServlet'
[2m2020-06-16 14:45:58.739[0;39m [32m INFO[0;39m [35m73985[0;39m [2m---[0;39m [2m[o-auto-1-exec-1][0;39m [36mo.s.web.servlet.DispatcherServlet       [0;39m [2m:[0;39m Initializing Servlet 'dispatcherServlet'
[2m2020-06-16 14:45:58.760[0;39m [32m INFO[0;39m [35m73985[0;39m [2m---[0;39m [2m[o-auto-1-exec-1][0;39m [36mo.s.web.servlet.DispatcherServlet       [0;39m [2m:[0;39m Completed initialization in 20 ms
[2m2020-06-16 14:47:39.686[0;39m [32mDEBUG[0;39m [35m73985[0;39m [2m---[0;39m [2m[o-auto-1-exec-3][0;39m [36mu.g.g.p.s.user.request.GetUserRequest   [0;39m [2m:[0;39m GetUserRequest with requestId: RequestId[id='3a1038ed-d449-4178-96a0-7d629376c6e3'], originalRequestId RequestId[id='96be474f-340b-4d6a-98d0-850d8f501af1'] and UserId UserId[id='Alice']
[2m2020-06-16 14:47:39.689[0;39m [32m INFO[0;39m [35m73985[0;39m [2m---[0;39m [2m[o-auto-1-exec-3][0;39m [36mu.g.g.p.service.user.web.UserController [0;39m [2m:[0;39m Invoking GetUserRequest: GetUserRequest[userId=UserId[id='Alice']]
[2m2020-06-16 14:50:42.139[0;39m [32m INFO[0;39m [35m73985[0;39m [2m---[0;39m [2m[trap-executor-0][0;39m [36mc.n.d.s.r.aws.ConfigClusterResolver     [0;39m [2m:[0;39m Resolving eureka endpoints via configuration
[2m2020-06-16 14:55:42.149[0;39m [32m INFO[0;39m [35m73985[0;39m [2m---[0;39m [2m[trap-executor-0][0;39m [36mc.n.d.s.r.aws.ConfigClusterResolver     [0;39m [2m:[0;39m Resolving eureka endpoints via configuration
[2m2020-06-16 15:00:42.155[0;39m [32m INFO[0;39m [35m73985[0;39m [2m---[0;39m [2m[trap-executor-0][0;39m [36mc.n.d.s.r.aws.ConfigClusterResolver     [0;39m [2m:[0;39m Resolving eureka endpoints via configuration
[2m2020-06-16 15:05:42.164[0;39m [32m INFO[0;39m [35m73985[0;39m [2m---[0;39m [2m[trap-executor-0][0;39m [36mc.n.d.s.r.aws.ConfigClusterResolver     [0;39m [2m:[0;39m Resolving eureka endpoints via configuration
[2m2020-06-16 15:10:42.171[0;39m [32m INFO[0;39m [35m73985[0;39m [2m---[0;39m [2m[trap-executor-0][0;39m [36mc.n.d.s.r.aws.ConfigClusterResolver     [0;39m [2m:[0;39m Resolving eureka endpoints via configuration
[2m2020-06-16 15:15:42.179[0;39m [32m INFO[0;39m [35m73985[0;39m [2m---[0;39m [2m[trap-executor-0][0;39m [36mc.n.d.s.r.aws.ConfigClusterResolver     [0;39m [2m:[0;39m Resolving eureka endpoints via configuration
[2m2020-06-16 15:20:42.187[0;39m [32m INFO[0;39m [35m73985[0;39m [2m---[0;39m [2m[trap-executor-0][0;39m [36mc.n.d.s.r.aws.ConfigClusterResolver     [0;39m [2m:[0;39m Resolving eureka endpoints via configuration
[2m2020-06-16 15:25:42.196[0;39m [32m INFO[0;39m [35m73985[0;39m [2m---[0;39m [2m[trap-executor-0][0;39m [36mc.n.d.s.r.aws.ConfigClusterResolver     [0;39m [2m:[0;39m Resolving eureka endpoints via configuration
[2m2020-06-16 15:30:42.207[0;39m [32m INFO[0;39m [35m73985[0;39m [2m---[0;39m [2m[trap-executor-0][0;39m [36mc.n.d.s.r.aws.ConfigClusterResolver     [0;39m [2m:[0;39m Resolving eureka endpoints via configuration
[2m2020-06-16 15:35:42.229[0;39m [32m INFO[0;39m [35m73985[0;39m [2m---[0;39m [2m[trap-executor-0][0;39m [36mc.n.d.s.r.aws.ConfigClusterResolver     [0;39m [2m:[0;39m Resolving eureka endpoints via configuration
[2m2020-06-16 15:40:42.244[0;39m [32m INFO[0;39m [35m73985[0;39m [2m---[0;39m [2m[trap-executor-0][0;39m [36mc.n.d.s.r.aws.ConfigClusterResolver     [0;39m [2m:[0;39m Resolving eureka endpoints via configuration
[2m2020-06-16 15:45:42.254[0;39m [32m INFO[0;39m [35m73985[0;39m [2m---[0;39m [2m[trap-executor-0][0;39m [36mc.n.d.s.r.aws.ConfigClusterResolver     [0;39m [2m:[0;39m Resolving eureka endpoints via configuration
[2m2020-06-16 15:50:42.266[0;39m [32m INFO[0;39m [35m73985[0;39m [2m---[0;39m [2m[trap-executor-0][0;39m [36mc.n.d.s.r.aws.ConfigClusterResolver     [0;39m [2m:[0;39m Resolving eureka endpoints via configuration
[2m2020-06-16 15:55:42.276[0;39m [32m INFO[0;39m [35m73985[0;39m [2m---[0;39m [2m[trap-executor-0][0;39m [36mc.n.d.s.r.aws.ConfigClusterResolver     [0;39m [2m:[0;39m Resolving eureka endpoints via configuration
[2m2020-06-16 16:00:42.284[0;39m [32m INFO[0;39m [35m73985[0;39m [2m---[0;39m [2m[trap-executor-0][0;39m [36mc.n.d.s.r.aws.ConfigClusterResolver     [0;39m [2m:[0;39m Resolving eureka endpoints via configuration
[2m2020-06-16 16:05:42.298[0;39m [32m INFO[0;39m [35m73985[0;39m [2m---[0;39m [2m[trap-executor-0][0;39m [36mc.n.d.s.r.aws.ConfigClusterResolver     [0;39m [2m:[0;39m Resolving eureka endpoints via configuration
[2m2020-06-16 16:10:42.309[0;39m [32m INFO[0;39m [35m73985[0;39m [2m---[0;39m [2m[trap-executor-0][0;39m [36mc.n.d.s.r.aws.ConfigClusterResolver     [0;39m [2m:[0;39m Resolving eureka endpoints via configuration
[2m2020-06-16 16:15:42.317[0;39m [32m INFO[0;39m [35m73985[0;39m [2m---[0;39m [2m[trap-executor-0][0;39m [36mc.n.d.s.r.aws.ConfigClusterResolver     [0;39m [2m:[0;39m Resolving eureka endpoints via configuration
[2m2020-06-16 16:20:42.327[0;39m [32m INFO[0;39m [35m73985[0;39m [2m---[0;39m [2m[trap-executor-0][0;39m [36mc.n.d.s.r.aws.ConfigClusterResolver     [0;39m [2m:[0;39m Resolving eureka endpoints via configuration
[2m2020-06-16 16:25:42.338[0;39m [32m INFO[0;39m [35m73985[0;39m [2m---[0;39m [2m[trap-executor-0][0;39m [36mc.n.d.s.r.aws.ConfigClusterResolver     [0;39m [2m:[0;39m Resolving eureka endpoints via configuration
[2m2020-06-16 16:30:42.346[0;39m [32m INFO[0;39m [35m73985[0;39m [2m---[0;39m [2m[trap-executor-0][0;39m [36mc.n.d.s.r.aws.ConfigClusterResolver     [0;39m [2m:[0;39m Resolving eureka endpoints via configuration
[2m2020-06-16 16:35:42.352[0;39m [32m INFO[0;39m [35m73985[0;39m [2m---[0;39m [2m[trap-executor-0][0;39m [36mc.n.d.s.r.aws.ConfigClusterResolver     [0;39m [2m:[0;39m Resolving eureka endpoints via configuration
[2m2020-06-16 16:40:42.360[0;39m [32m INFO[0;39m [35m73985[0;39m [2m---[0;39m [2m[trap-executor-0][0;39m [36mc.n.d.s.r.aws.ConfigClusterResolver     [0;39m [2m:[0;39m Resolving eureka endpoints via configuration
[2m2020-06-16 16:45:42.370[0;39m [32m INFO[0;39m [35m73985[0;39m [2m---[0;39m [2m[trap-executor-0][0;39m [36mc.n.d.s.r.aws.ConfigClusterResolver     [0;39m [2m:[0;39m Resolving eureka endpoints via configuration
[2m2020-06-16 16:50:42.380[0;39m [32m INFO[0;39m [35m73985[0;39m [2m---[0;39m [2m[trap-executor-0][0;39m [36mc.n.d.s.r.aws.ConfigClusterResolver     [0;39m [2m:[0;39m Resolving eureka endpoints via configuration
[2m2020-06-16 16:55:42.389[0;39m [32m INFO[0;39m [35m73985[0;39m [2m---[0;39m [2m[trap-executor-0][0;39m [36mc.n.d.s.r.aws.ConfigClusterResolver     [0;39m [2m:[0;39m Resolving eureka endpoints via configuration
